[DEBUG] main org.kylin.zhang.stackflow.indexer.util.QuestionXmlParser org.kylin.zhang.stackflow.indexer.util.QuestionXmlParserHandler.startDocument(QuestionXmlParser.java:35) - ----------------------begin parsing xml --------------------- 
[DEBUG] main org.kylin.zhang.stackflow.indexer.util.QuestionXmlParser org.kylin.zhang.stackflow.indexer.util.QuestionXmlParserHandler.endDocument(QuestionXmlParser.java:111) - ----------------------begin parsing xml --------------------- 
[ERROR] main org.kylin.zhang.stackflow.indexer.service.StackExChangeAnalyzer org.kylin.zhang.stackflow.indexer.service.StackExChangeAnalyzer.<init>(StackExChangeAnalyzer.java:53) -  
[DEBUG] main org.kylin.zhang.stackflow.indexer.util.QuestionXmlParser org.kylin.zhang.stackflow.indexer.util.QuestionXmlParserHandler.startDocument(QuestionXmlParser.java:35) - ----------------------begin parsing xml --------------------- 
[DEBUG] main org.kylin.zhang.stackflow.indexer.util.QuestionXmlParser org.kylin.zhang.stackflow.indexer.util.QuestionXmlParserHandler.endDocument(QuestionXmlParser.java:111) - ----------------------begin parsing xml --------------------- 
[ERROR] main org.kylin.zhang.stackflow.indexer.service.StackExChangeAnalyzer org.kylin.zhang.stackflow.indexer.service.StackExChangeAnalyzer.<init>(StackExChangeAnalyzer.java:53) -  
[DEBUG] main org.kylin.zhang.stackflow.indexer.util.QuestionXmlParser org.kylin.zhang.stackflow.indexer.util.QuestionXmlParserHandler.startDocument(QuestionXmlParser.java:35) - ----------------------begin parsing xml --------------------- 
[DEBUG] main org.kylin.zhang.stackflow.indexer.util.QuestionXmlParser org.kylin.zhang.stackflow.indexer.util.QuestionXmlParserHandler.endDocument(QuestionXmlParser.java:111) - ----------------------begin parsing xml --------------------- 
[ERROR] main org.kylin.zhang.stackflow.indexer.service.StackExChangeAnalyzer org.kylin.zhang.stackflow.indexer.service.StackExChangeAnalyzer.<init>(StackExChangeAnalyzer.java:53) -  
[DEBUG] main org.kylin.zhang.stackflow.indexer.util.QuestionXmlParser org.kylin.zhang.stackflow.indexer.util.QuestionXmlParserHandler.startDocument(QuestionXmlParser.java:35) - ----------------------begin parsing xml --------------------- 
[DEBUG] main org.kylin.zhang.stackflow.indexer.util.QuestionXmlParser org.kylin.zhang.stackflow.indexer.util.QuestionXmlParserHandler.endDocument(QuestionXmlParser.java:111) - ----------------------begin parsing xml --------------------- 
[ERROR] main org.kylin.zhang.stackflow.indexer.service.StackExChangeAnalyzer org.kylin.zhang.stackflow.indexer.service.StackExChangeAnalyzer.<init>(StackExChangeAnalyzer.java:53) -  
[DEBUG] main org.kylin.zhang.stackflow.indexer.util.QuestionXmlParser org.kylin.zhang.stackflow.indexer.util.QuestionXmlParserHandler.startDocument(QuestionXmlParser.java:35) - ----------------------begin parsing xml --------------------- 
[DEBUG] main org.kylin.zhang.stackflow.indexer.util.QuestionXmlParser org.kylin.zhang.stackflow.indexer.util.QuestionXmlParserHandler.endDocument(QuestionXmlParser.java:111) - ----------------------begin parsing xml --------------------- 
[ERROR] main org.kylin.zhang.stackflow.indexer.service.StackExChangeAnalyzer org.kylin.zhang.stackflow.indexer.service.StackExChangeAnalyzer.<init>(StackExChangeAnalyzer.java:53) -  
[DEBUG] main org.kylin.zhang.stackflow.indexer.util.QuestionXmlParser org.kylin.zhang.stackflow.indexer.util.QuestionXmlParserHandler.startDocument(QuestionXmlParser.java:35) - ----------------------begin parsing xml --------------------- 
[DEBUG] main org.kylin.zhang.stackflow.indexer.util.QuestionXmlParser org.kylin.zhang.stackflow.indexer.util.QuestionXmlParserHandler.endDocument(QuestionXmlParser.java:111) - ----------------------begin parsing xml --------------------- 
[ERROR] main org.kylin.zhang.stackflow.indexer.service.StackExChangeAnalyzer org.kylin.zhang.stackflow.indexer.service.StackExChangeAnalyzer.<init>(StackExChangeAnalyzer.java:53) -  
[DEBUG] main org.kylin.zhang.stackflow.indexer.util.QuestionXmlParser org.kylin.zhang.stackflow.indexer.util.QuestionXmlParserHandler.startDocument(QuestionXmlParser.java:35) - ----------------------begin parsing xml --------------------- 
[DEBUG] main org.kylin.zhang.stackflow.indexer.util.QuestionXmlParser org.kylin.zhang.stackflow.indexer.util.QuestionXmlParserHandler.endDocument(QuestionXmlParser.java:111) - ----------------------begin parsing xml --------------------- 
[ERROR] main org.kylin.zhang.stackflow.indexer.service.StackExChangeAnalyzer org.kylin.zhang.stackflow.indexer.service.StackExChangeAnalyzer.<init>(StackExChangeAnalyzer.java:53) -  
[DEBUG] main org.kylin.zhang.stackflow.indexer.util.QuestionXmlParser org.kylin.zhang.stackflow.indexer.util.QuestionXmlParserHandler.startDocument(QuestionXmlParser.java:35) - ----------------------begin parsing xml --------------------- 
[DEBUG] main org.kylin.zhang.stackflow.indexer.util.QuestionXmlParser org.kylin.zhang.stackflow.indexer.util.QuestionXmlParserHandler.endDocument(QuestionXmlParser.java:111) - ----------------------begin parsing xml --------------------- 
[ERROR] main org.kylin.zhang.stackflow.indexer.service.StackExChangeAnalyzer org.kylin.zhang.stackflow.indexer.service.StackExChangeAnalyzer.<init>(StackExChangeAnalyzer.java:53) -  
[DEBUG] main org.kylin.zhang.stackflow.indexer.util.QuestionXmlParser org.kylin.zhang.stackflow.indexer.util.QuestionXmlParserHandler.startDocument(QuestionXmlParser.java:35) - ----------------------begin parsing xml --------------------- 
[DEBUG] main org.kylin.zhang.stackflow.indexer.util.QuestionXmlParser org.kylin.zhang.stackflow.indexer.util.QuestionXmlParserHandler.endDocument(QuestionXmlParser.java:111) - ----------------------begin parsing xml --------------------- 
[ERROR] main org.kylin.zhang.stackflow.indexer.service.StackExChangeAnalyzer org.kylin.zhang.stackflow.indexer.service.StackExChangeAnalyzer.<init>(StackExChangeAnalyzer.java:53) -  
[DEBUG] main org.kylin.zhang.stackflow.indexer.util.QuestionXmlParser org.kylin.zhang.stackflow.indexer.util.QuestionXmlParserHandler.startDocument(QuestionXmlParser.java:35) - ----------------------begin parsing xml --------------------- 
[DEBUG] main org.kylin.zhang.stackflow.indexer.util.QuestionXmlParser org.kylin.zhang.stackflow.indexer.util.QuestionXmlParserHandler.endDocument(QuestionXmlParser.java:111) - ----------------------begin parsing xml --------------------- 
[DEBUG] main org.kylin.zhang.stackflow.indexer.util.QuestionXmlParser org.kylin.zhang.stackflow.indexer.util.QuestionXmlParserHandler.startDocument(QuestionXmlParser.java:35) - ----------------------begin parsing xml --------------------- 
[DEBUG] main org.kylin.zhang.stackflow.indexer.util.QuestionXmlParser org.kylin.zhang.stackflow.indexer.util.QuestionXmlParserHandler.endDocument(QuestionXmlParser.java:111) - ----------------------begin parsing xml --------------------- 
[DEBUG] main org.kylin.zhang.stackflow.indexer.util.QuestionXmlParser org.kylin.zhang.stackflow.indexer.util.QuestionXmlParserHandler.startDocument(QuestionXmlParser.java:35) - ----------------------begin parsing xml --------------------- 
[DEBUG] main org.kylin.zhang.stackflow.indexer.util.QuestionXmlParser org.kylin.zhang.stackflow.indexer.util.QuestionXmlParserHandler.endDocument(QuestionXmlParser.java:111) - ----------------------begin parsing xml --------------------- 
[DEBUG] main org.kylin.zhang.stackflow.indexer.util.QuestionXmlParser org.kylin.zhang.stackflow.indexer.util.QuestionXmlParserHandler.startDocument(QuestionXmlParser.java:35) - ----------------------begin parsing xml --------------------- 
[DEBUG] main org.kylin.zhang.stackflow.indexer.util.QuestionXmlParser org.kylin.zhang.stackflow.indexer.util.QuestionXmlParserHandler.endDocument(QuestionXmlParser.java:111) - ----------------------begin parsing xml --------------------- 
[ERROR] main org.kylin.zhang.stackflow.indexer.util.QuestionXmlParser org.kylin.zhang.stackflow.indexer.util.QuestionXmlParser.parseXml(QuestionXmlParser.java:193) - oh low ! Question Beans List is null !  
[DEBUG] main org.kylin.zhang.stackflow.indexer.util.QuestionXmlParser org.kylin.zhang.stackflow.indexer.util.QuestionXmlParserHandler.startDocument(QuestionXmlParser.java:35) - ----------------------begin parsing xml --------------------- 
[DEBUG] main org.kylin.zhang.stackflow.indexer.util.QuestionXmlParser org.kylin.zhang.stackflow.indexer.util.QuestionXmlParserHandler.endDocument(QuestionXmlParser.java:111) - ----------------------begin parsing xml --------------------- 
[ERROR] main org.kylin.zhang.stackflow.indexer.util.QuestionXmlParser org.kylin.zhang.stackflow.indexer.util.QuestionXmlParser.parseXml(QuestionXmlParser.java:193) - oh low ! Question Beans List is null !  
[DEBUG] main org.kylin.zhang.stackflow.indexer.util.QuestionXmlParser org.kylin.zhang.stackflow.indexer.util.QuestionXmlParserHandler.startDocument(QuestionXmlParser.java:35) - ----------------------begin parsing xml --------------------- 
[DEBUG] main org.kylin.zhang.stackflow.indexer.util.QuestionXmlParser org.kylin.zhang.stackflow.indexer.util.QuestionXmlParserHandler.endDocument(QuestionXmlParser.java:111) - ----------------------begin parsing xml --------------------- 
[ERROR] main org.kylin.zhang.stackflow.indexer.util.QuestionXmlParser org.kylin.zhang.stackflow.indexer.util.QuestionXmlParser.parseXml(QuestionXmlParser.java:193) - oh low ! Question Beans List is null !  
[DEBUG] main org.kylin.zhang.stackflow.indexer.util.QuestionXmlParser org.kylin.zhang.stackflow.indexer.util.QuestionXmlParserHandler.startDocument(QuestionXmlParser.java:35) - ----------------------begin parsing xml --------------------- 
[DEBUG] main org.kylin.zhang.stackflow.indexer.util.QuestionXmlParser org.kylin.zhang.stackflow.indexer.util.QuestionXmlParserHandler.endDocument(QuestionXmlParser.java:111) - ----------------------begin parsing xml --------------------- 
[ERROR] main org.kylin.zhang.stackflow.indexer.util.QuestionXmlParser org.kylin.zhang.stackflow.indexer.util.QuestionXmlParser.parseXml(QuestionXmlParser.java:193) - oh low ! Question Beans List is null !  
[DEBUG] main org.kylin.zhang.stackflow.indexer.util.QuestionXmlParser org.kylin.zhang.stackflow.indexer.util.QuestionXmlParserHandler.startDocument(QuestionXmlParser.java:35) - ----------------------begin parsing xml --------------------- 
[DEBUG] main org.kylin.zhang.stackflow.indexer.util.QuestionXmlParser org.kylin.zhang.stackflow.indexer.util.QuestionXmlParserHandler.endDocument(QuestionXmlParser.java:111) - ----------------------begin parsing xml --------------------- 
[ERROR] main org.kylin.zhang.stackflow.indexer.util.QuestionXmlParser org.kylin.zhang.stackflow.indexer.util.QuestionXmlParser.parseXml(QuestionXmlParser.java:193) - oh low ! Question Beans List is null !  
[DEBUG] main org.kylin.zhang.stackflow.indexer.util.QuestionXmlParser org.kylin.zhang.stackflow.indexer.util.QuestionXmlParserHandler.startDocument(QuestionXmlParser.java:35) - ----------------------begin parsing xml --------------------- 
[DEBUG] main org.kylin.zhang.stackflow.indexer.util.QuestionXmlParser org.kylin.zhang.stackflow.indexer.util.QuestionXmlParserHandler.endDocument(QuestionXmlParser.java:111) - ----------------------begin parsing xml --------------------- 
[ERROR] main org.kylin.zhang.stackflow.indexer.util.QuestionXmlParser org.kylin.zhang.stackflow.indexer.util.QuestionXmlParser.parseXml(QuestionXmlParser.java:193) - oh low ! Question Beans List is null !  
[DEBUG] main org.kylin.zhang.stackflow.indexer.util.QuestionXmlParser org.kylin.zhang.stackflow.indexer.util.QuestionXmlParserHandler.startDocument(QuestionXmlParser.java:35) - ----------------------begin parsing xml --------------------- 
[DEBUG] main org.kylin.zhang.stackflow.indexer.util.QuestionXmlParser org.kylin.zhang.stackflow.indexer.util.QuestionXmlParserHandler.endDocument(QuestionXmlParser.java:111) - ----------------------begin parsing xml --------------------- 
[ERROR] main org.kylin.zhang.stackflow.indexer.util.QuestionXmlParser org.kylin.zhang.stackflow.indexer.util.QuestionXmlParser.parseXml(QuestionXmlParser.java:193) - oh low ! Question Beans List is null !  
[DEBUG] main org.kylin.zhang.stackflow.indexer.util.QuestionXmlParser org.kylin.zhang.stackflow.indexer.util.QuestionXmlParserHandler.startDocument(QuestionXmlParser.java:35) - ----------------------begin parsing xml --------------------- 
[DEBUG] main org.kylin.zhang.stackflow.indexer.util.QuestionXmlParser org.kylin.zhang.stackflow.indexer.util.QuestionXmlParserHandler.endDocument(QuestionXmlParser.java:111) - ----------------------begin parsing xml --------------------- 
[ERROR] main org.kylin.zhang.stackflow.indexer.util.QuestionXmlParser org.kylin.zhang.stackflow.indexer.util.QuestionXmlParser.parseXml(QuestionXmlParser.java:193) - oh low ! Question Beans List is null !  
[ERROR] main org.kylin.zhang.stackflow.indexer.util.QuestionXmlParser org.kylin.zhang.stackflow.indexer.util.QuestionXmlParser.run(QuestionXmlParser.java:217) - can not find Question*.xml file under path E:\my_ali\RecommenderSystem\target\classes\data\cstheory.stackexchange.comindexResults 
[DEBUG] main org.kylin.zhang.stackflow.indexer.util.QuestionXmlParser org.kylin.zhang.stackflow.indexer.util.QuestionXmlParserHandler.startDocument(QuestionXmlParser.java:35) - ----------------------begin parsing xml --------------------- 
[DEBUG] main org.kylin.zhang.stackflow.indexer.util.QuestionXmlParser org.kylin.zhang.stackflow.indexer.util.QuestionXmlParserHandler.endDocument(QuestionXmlParser.java:111) - ----------------------begin parsing xml --------------------- 
[DEBUG] main org.kylin.zhang.stackflow.indexer.util.QuestionXmlParser org.kylin.zhang.stackflow.indexer.util.QuestionXmlParserHandler.startDocument(QuestionXmlParser.java:35) - ----------------------begin parsing xml --------------------- 
[DEBUG] main org.kylin.zhang.stackflow.indexer.util.QuestionXmlParser org.kylin.zhang.stackflow.indexer.util.QuestionXmlParserHandler.endDocument(QuestionXmlParser.java:111) - ----------------------begin parsing xml --------------------- 
[DEBUG] main org.kylin.zhang.stackflow.indexer.util.QuestionXmlParser org.kylin.zhang.stackflow.indexer.util.QuestionXmlParserHandler.startDocument(QuestionXmlParser.java:35) - ----------------------begin parsing xml --------------------- 
[DEBUG] main org.kylin.zhang.stackflow.indexer.util.QuestionXmlParser org.kylin.zhang.stackflow.indexer.util.QuestionXmlParserHandler.endDocument(QuestionXmlParser.java:111) - ----------------------begin parsing xml --------------------- 
[ERROR] main org.kylin.zhang.stackflow.indexer.util.QuestionXmlParser org.kylin.zhang.stackflow.indexer.util.QuestionXmlParser.<init>(QuestionXmlParser.java:129) - failed to locate dataset file path 
[ERROR] main org.kylin.zhang.stackflow.indexer.util.QuestionXmlParser org.kylin.zhang.stackflow.indexer.util.QuestionXmlParser.<init>(QuestionXmlParser.java:129) - failed to locate dataset file path 
[ERROR] main org.kylin.zhang.stackflow.indexer.util.QuestionXmlParser org.kylin.zhang.stackflow.indexer.util.QuestionXmlParser.<init>(QuestionXmlParser.java:129) - failed to locate dataset file path 
[DEBUG] main org.kylin.zhang.stackflow.indexer.util.QuestionXmlParser org.kylin.zhang.stackflow.indexer.util.QuestionXmlParserHandler.startDocument(QuestionXmlParser.java:35) - ----------------------begin parsing xml --------------------- 
[DEBUG] main org.kylin.zhang.stackflow.indexer.util.QuestionXmlParser org.kylin.zhang.stackflow.indexer.util.QuestionXmlParserHandler.endDocument(QuestionXmlParser.java:111) - ----------------------begin parsing xml --------------------- 
[DEBUG] main org.kylin.zhang.stackflow.indexer.util.QuestionXmlParser org.kylin.zhang.stackflow.indexer.util.QuestionXmlParserHandler.startDocument(QuestionXmlParser.java:35) - ----------------------begin parsing xml --------------------- 
[DEBUG] main org.kylin.zhang.stackflow.indexer.util.QuestionXmlParser org.kylin.zhang.stackflow.indexer.util.QuestionXmlParserHandler.endDocument(QuestionXmlParser.java:111) - ----------------------begin parsing xml --------------------- 
[DEBUG] main org.kylin.zhang.stackflow.indexer.util.QuestionXmlParser org.kylin.zhang.stackflow.indexer.util.QuestionXmlParserHandler.startDocument(QuestionXmlParser.java:35) - ----------------------begin parsing xml --------------------- 
[DEBUG] main org.kylin.zhang.stackflow.indexer.util.QuestionXmlParser org.kylin.zhang.stackflow.indexer.util.QuestionXmlParserHandler.endDocument(QuestionXmlParser.java:111) - ----------------------begin parsing xml --------------------- 
[DEBUG] main org.kylin.zhang.stackflow.indexer.util.QuestionXmlParser org.kylin.zhang.stackflow.indexer.util.QuestionXmlParserHandler.startDocument(QuestionXmlParser.java:35) - ----------------------begin parsing xml --------------------- 
[DEBUG] main org.kylin.zhang.stackflow.indexer.util.QuestionXmlParser org.kylin.zhang.stackflow.indexer.util.QuestionXmlParserHandler.endDocument(QuestionXmlParser.java:111) - ----------------------begin parsing xml --------------------- 
[DEBUG] main org.kylin.zhang.stackflow.indexer.util.QuestionXmlParser org.kylin.zhang.stackflow.indexer.util.QuestionXmlParserHandler.startDocument(QuestionXmlParser.java:35) - ----------------------begin parsing xml --------------------- 
[DEBUG] main org.kylin.zhang.stackflow.indexer.util.QuestionXmlParser org.kylin.zhang.stackflow.indexer.util.QuestionXmlParserHandler.endDocument(QuestionXmlParser.java:111) - ----------------------begin parsing xml --------------------- 
[DEBUG] main org.kylin.zhang.stackflow.indexer.util.QuestionXmlParser org.kylin.zhang.stackflow.indexer.util.QuestionXmlParserHandler.startDocument(QuestionXmlParser.java:35) - ----------------------begin parsing xml --------------------- 
[DEBUG] main org.kylin.zhang.stackflow.indexer.util.QuestionXmlParser org.kylin.zhang.stackflow.indexer.util.QuestionXmlParserHandler.endDocument(QuestionXmlParser.java:111) - ----------------------begin parsing xml --------------------- 
[DEBUG] main org.kylin.zhang.stackflow.indexer.util.QuestionXmlParser org.kylin.zhang.stackflow.indexer.util.QuestionXmlParserHandler.startDocument(QuestionXmlParser.java:35) - ----------------------begin parsing xml --------------------- 
[DEBUG] main org.kylin.zhang.stackflow.indexer.util.QuestionXmlParser org.kylin.zhang.stackflow.indexer.util.QuestionXmlParserHandler.endDocument(QuestionXmlParser.java:111) - ----------------------begin parsing xml --------------------- 
[DEBUG] main org.kylin.zhang.stackflow.indexer.util.QuestionXmlParser org.kylin.zhang.stackflow.indexer.util.QuestionXmlParserHandler.startDocument(QuestionXmlParser.java:35) - ----------------------begin parsing xml --------------------- 
[DEBUG] main org.kylin.zhang.stackflow.indexer.util.QuestionXmlParser org.kylin.zhang.stackflow.indexer.util.QuestionXmlParserHandler.endDocument(QuestionXmlParser.java:111) - ----------------------begin parsing xml --------------------- 
[DEBUG] main org.kylin.zhang.stackflow.indexer.util.QuestionXmlParser org.kylin.zhang.stackflow.indexer.util.QuestionXmlParserHandler.startDocument(QuestionXmlParser.java:35) - ----------------------begin parsing xml --------------------- 
[DEBUG] main org.kylin.zhang.stackflow.indexer.util.QuestionXmlParser org.kylin.zhang.stackflow.indexer.util.QuestionXmlParserHandler.endDocument(QuestionXmlParser.java:111) - ----------------------begin parsing xml --------------------- 
[DEBUG] main org.kylin.zhang.stackflow.indexer.service.QuestionIndexer org.kylin.zhang.stackflow.indexer.service.QuestionIndexer.main(QuestionIndexer.java:116) - question file folder E:\my_ali\RecommenderSystem\target\classes\data\cstheory.stackexchange.com\cleanedData 
[DEBUG] main org.kylin.zhang.stackflow.indexer.service.QuestionIndexer org.kylin.zhang.stackflow.indexer.service.QuestionIndexer.main(QuestionIndexer.java:117) - index result folder E:\my_ali\RecommenderSystem\target\classes\data\cstheory.stackexchange.com\indexResults 
[DEBUG] main org.kylin.zhang.stackflow.indexer.util.QuestionXmlParser org.kylin.zhang.stackflow.indexer.util.QuestionXmlParserHandler.startDocument(QuestionXmlParser.java:35) - ----------------------begin parsing xml --------------------- 
[DEBUG] main org.kylin.zhang.stackflow.indexer.util.QuestionXmlParser org.kylin.zhang.stackflow.indexer.util.QuestionXmlParserHandler.endDocument(QuestionXmlParser.java:111) - ----------------------begin parsing xml --------------------- 
[DEBUG] main org.kylin.zhang.stackflow.indexer.service.QuestionIndexer org.kylin.zhang.stackflow.indexer.service.QuestionIndexer.main(QuestionIndexer.java:127) - extract 1717 beans from folder  E:\my_ali\RecommenderSystem\target\classes\data\cstheory.stackexchange.com\cleanedData 
[ERROR] main org.kylin.zhang.stackflow.indexer.service.StackExChangeAnalyzer org.kylin.zhang.stackflow.indexer.service.StackExChangeAnalyzer.<init>(StackExChangeAnalyzer.java:53) -  
[DEBUG] main org.kylin.zhang.stackflow.indexer.service.QuestionIndexer org.kylin.zhang.stackflow.indexer.service.QuestionIndexer.main(QuestionIndexer.java:116) - question file folder E:\my_ali\RecommenderSystem\target\classes\data\earthscience.stackexchange.com\cleanedData 
[DEBUG] main org.kylin.zhang.stackflow.indexer.service.QuestionIndexer org.kylin.zhang.stackflow.indexer.service.QuestionIndexer.main(QuestionIndexer.java:117) - index result folder E:\my_ali\RecommenderSystem\target\classes\data\earthscience.stackexchange.com\indexResults 
[DEBUG] main org.kylin.zhang.stackflow.indexer.util.QuestionXmlParser org.kylin.zhang.stackflow.indexer.util.QuestionXmlParserHandler.startDocument(QuestionXmlParser.java:35) - ----------------------begin parsing xml --------------------- 
[DEBUG] main org.kylin.zhang.stackflow.indexer.util.QuestionXmlParser org.kylin.zhang.stackflow.indexer.util.QuestionXmlParserHandler.endDocument(QuestionXmlParser.java:111) - ----------------------begin parsing xml --------------------- 
[DEBUG] main org.kylin.zhang.stackflow.indexer.service.QuestionIndexer org.kylin.zhang.stackflow.indexer.service.QuestionIndexer.main(QuestionIndexer.java:127) - extract 45 beans from folder  E:\my_ali\RecommenderSystem\target\classes\data\earthscience.stackexchange.com\cleanedData 
[DEBUG] main org.kylin.zhang.stackflow.indexer.service.QuestionIndexer org.kylin.zhang.stackflow.indexer.service.QuestionIndexer.main(QuestionIndexer.java:116) - question file folder E:\my_ali\RecommenderSystem\target\classes\data\emacs.stackexchange.com\cleanedData 
[DEBUG] main org.kylin.zhang.stackflow.indexer.service.QuestionIndexer org.kylin.zhang.stackflow.indexer.service.QuestionIndexer.main(QuestionIndexer.java:117) - index result folder E:\my_ali\RecommenderSystem\target\classes\data\emacs.stackexchange.com\indexResults 
[DEBUG] main org.kylin.zhang.stackflow.indexer.util.QuestionXmlParser org.kylin.zhang.stackflow.indexer.util.QuestionXmlParserHandler.startDocument(QuestionXmlParser.java:35) - ----------------------begin parsing xml --------------------- 
[DEBUG] main org.kylin.zhang.stackflow.indexer.util.QuestionXmlParser org.kylin.zhang.stackflow.indexer.util.QuestionXmlParserHandler.endDocument(QuestionXmlParser.java:111) - ----------------------begin parsing xml --------------------- 
[DEBUG] main org.kylin.zhang.stackflow.indexer.service.QuestionIndexer org.kylin.zhang.stackflow.indexer.service.QuestionIndexer.main(QuestionIndexer.java:127) - extract 606 beans from folder  E:\my_ali\RecommenderSystem\target\classes\data\emacs.stackexchange.com\cleanedData 
[DEBUG] main org.kylin.zhang.stackflow.indexer.service.QuestionIndexer org.kylin.zhang.stackflow.indexer.service.QuestionIndexer.main(QuestionIndexer.java:116) - question file folder E:\my_ali\RecommenderSystem\target\classes\data\english.stackexchange.com\cleanedData 
[DEBUG] main org.kylin.zhang.stackflow.indexer.service.QuestionIndexer org.kylin.zhang.stackflow.indexer.service.QuestionIndexer.main(QuestionIndexer.java:117) - index result folder E:\my_ali\RecommenderSystem\target\classes\data\english.stackexchange.com\indexResults 
[DEBUG] main org.kylin.zhang.stackflow.indexer.util.QuestionXmlParser org.kylin.zhang.stackflow.indexer.util.QuestionXmlParserHandler.startDocument(QuestionXmlParser.java:35) - ----------------------begin parsing xml --------------------- 
[DEBUG] main org.kylin.zhang.stackflow.indexer.util.QuestionXmlParser org.kylin.zhang.stackflow.indexer.util.QuestionXmlParserHandler.endDocument(QuestionXmlParser.java:111) - ----------------------begin parsing xml --------------------- 
[DEBUG] main org.kylin.zhang.stackflow.indexer.service.QuestionIndexer org.kylin.zhang.stackflow.indexer.service.QuestionIndexer.main(QuestionIndexer.java:127) - extract 47253 beans from folder  E:\my_ali\RecommenderSystem\target\classes\data\english.stackexchange.com\cleanedData 
[DEBUG] main org.kylin.zhang.stackflow.indexer.service.QuestionIndexer org.kylin.zhang.stackflow.indexer.service.QuestionIndexer.main(QuestionIndexer.java:116) - question file folder E:\my_ali\RecommenderSystem\target\classes\data\meta.cs.stackexchange.com\cleanedData 
[DEBUG] main org.kylin.zhang.stackflow.indexer.service.QuestionIndexer org.kylin.zhang.stackflow.indexer.service.QuestionIndexer.main(QuestionIndexer.java:117) - index result folder E:\my_ali\RecommenderSystem\target\classes\data\meta.cs.stackexchange.com\indexResults 
[DEBUG] main org.kylin.zhang.stackflow.indexer.util.QuestionXmlParser org.kylin.zhang.stackflow.indexer.util.QuestionXmlParserHandler.startDocument(QuestionXmlParser.java:35) - ----------------------begin parsing xml --------------------- 
[DEBUG] main org.kylin.zhang.stackflow.indexer.util.QuestionXmlParser org.kylin.zhang.stackflow.indexer.util.QuestionXmlParserHandler.endDocument(QuestionXmlParser.java:111) - ----------------------begin parsing xml --------------------- 
[DEBUG] main org.kylin.zhang.stackflow.indexer.service.QuestionIndexer org.kylin.zhang.stackflow.indexer.service.QuestionIndexer.main(QuestionIndexer.java:127) - extract 24 beans from folder  E:\my_ali\RecommenderSystem\target\classes\data\meta.cs.stackexchange.com\cleanedData 
[DEBUG] main org.kylin.zhang.stackflow.indexer.service.QuestionIndexer org.kylin.zhang.stackflow.indexer.service.QuestionIndexer.main(QuestionIndexer.java:116) - question file folder E:\my_ali\RecommenderSystem\target\classes\data\meta.linguistics.stackexchange.com\cleanedData 
[DEBUG] main org.kylin.zhang.stackflow.indexer.service.QuestionIndexer org.kylin.zhang.stackflow.indexer.service.QuestionIndexer.main(QuestionIndexer.java:117) - index result folder E:\my_ali\RecommenderSystem\target\classes\data\meta.linguistics.stackexchange.com\indexResults 
[DEBUG] main org.kylin.zhang.stackflow.indexer.util.QuestionXmlParser org.kylin.zhang.stackflow.indexer.util.QuestionXmlParserHandler.startDocument(QuestionXmlParser.java:35) - ----------------------begin parsing xml --------------------- 
[DEBUG] main org.kylin.zhang.stackflow.indexer.util.QuestionXmlParser org.kylin.zhang.stackflow.indexer.util.QuestionXmlParserHandler.endDocument(QuestionXmlParser.java:111) - ----------------------begin parsing xml --------------------- 
[DEBUG] main org.kylin.zhang.stackflow.indexer.service.QuestionIndexer org.kylin.zhang.stackflow.indexer.service.QuestionIndexer.main(QuestionIndexer.java:127) - extract 56 beans from folder  E:\my_ali\RecommenderSystem\target\classes\data\meta.linguistics.stackexchange.com\cleanedData 
[DEBUG] main org.kylin.zhang.stackflow.indexer.service.QuestionIndexer org.kylin.zhang.stackflow.indexer.service.QuestionIndexer.main(QuestionIndexer.java:116) - question file folder E:\my_ali\RecommenderSystem\target\classes\data\security.stackexchange.com\cleanedData 
[DEBUG] main org.kylin.zhang.stackflow.indexer.service.QuestionIndexer org.kylin.zhang.stackflow.indexer.service.QuestionIndexer.main(QuestionIndexer.java:117) - index result folder E:\my_ali\RecommenderSystem\target\classes\data\security.stackexchange.com\indexResults 
[DEBUG] main org.kylin.zhang.stackflow.indexer.util.QuestionXmlParser org.kylin.zhang.stackflow.indexer.util.QuestionXmlParserHandler.startDocument(QuestionXmlParser.java:35) - ----------------------begin parsing xml --------------------- 
[DEBUG] main org.kylin.zhang.stackflow.indexer.util.QuestionXmlParser org.kylin.zhang.stackflow.indexer.util.QuestionXmlParserHandler.endDocument(QuestionXmlParser.java:111) - ----------------------begin parsing xml --------------------- 
[DEBUG] main org.kylin.zhang.stackflow.indexer.service.QuestionIndexer org.kylin.zhang.stackflow.indexer.service.QuestionIndexer.main(QuestionIndexer.java:127) - extract 11877 beans from folder  E:\my_ali\RecommenderSystem\target\classes\data\security.stackexchange.com\cleanedData 
[DEBUG] main org.kylin.zhang.stackflow.indexer.service.QuestionIndexer org.kylin.zhang.stackflow.indexer.service.QuestionIndexer.main(QuestionIndexer.java:116) - question file folder E:\my_ali\RecommenderSystem\target\classes\data\sports.stackexchange.com\cleanedData 
[DEBUG] main org.kylin.zhang.stackflow.indexer.service.QuestionIndexer org.kylin.zhang.stackflow.indexer.service.QuestionIndexer.main(QuestionIndexer.java:117) - index result folder E:\my_ali\RecommenderSystem\target\classes\data\sports.stackexchange.com\indexResults 
[DEBUG] main org.kylin.zhang.stackflow.indexer.util.QuestionXmlParser org.kylin.zhang.stackflow.indexer.util.QuestionXmlParserHandler.startDocument(QuestionXmlParser.java:35) - ----------------------begin parsing xml --------------------- 
[DEBUG] main org.kylin.zhang.stackflow.indexer.util.QuestionXmlParser org.kylin.zhang.stackflow.indexer.util.QuestionXmlParserHandler.endDocument(QuestionXmlParser.java:111) - ----------------------begin parsing xml --------------------- 
[DEBUG] main org.kylin.zhang.stackflow.indexer.service.QuestionIndexer org.kylin.zhang.stackflow.indexer.service.QuestionIndexer.main(QuestionIndexer.java:127) - extract 530 beans from folder  E:\my_ali\RecommenderSystem\target\classes\data\sports.stackexchange.com\cleanedData 
[DEBUG] main org.kylin.zhang.stackflow.indexer.service.QuestionIndexer org.kylin.zhang.stackflow.indexer.service.QuestionIndexer.main(QuestionIndexer.java:116) - question file folder E:\my_ali\RecommenderSystem\target\classes\data\unix.stackexchange.com\cleanedData 
[DEBUG] main org.kylin.zhang.stackflow.indexer.service.QuestionIndexer org.kylin.zhang.stackflow.indexer.service.QuestionIndexer.main(QuestionIndexer.java:117) - index result folder E:\my_ali\RecommenderSystem\target\classes\data\unix.stackexchange.com\indexResults 
[DEBUG] main org.kylin.zhang.stackflow.indexer.util.QuestionXmlParser org.kylin.zhang.stackflow.indexer.util.QuestionXmlParserHandler.startDocument(QuestionXmlParser.java:35) - ----------------------begin parsing xml --------------------- 
[DEBUG] main org.kylin.zhang.stackflow.indexer.util.QuestionXmlParser org.kylin.zhang.stackflow.indexer.util.QuestionXmlParserHandler.endDocument(QuestionXmlParser.java:111) - ----------------------begin parsing xml --------------------- 
[DEBUG] main org.kylin.zhang.stackflow.indexer.service.QuestionIndexer org.kylin.zhang.stackflow.indexer.service.QuestionIndexer.main(QuestionIndexer.java:127) - extract 41628 beans from folder  E:\my_ali\RecommenderSystem\target\classes\data\unix.stackexchange.com\cleanedData 
[DEBUG] main org.kylin.zhang.stackflow.indexer.service.QuestionIndexer org.kylin.zhang.stackflow.indexer.service.QuestionIndexer.main(QuestionIndexer.java:116) - question file folder E:\my_ali\RecommenderSystem\target\classes\data\cstheory.stackexchange.com\cleanedData 
[DEBUG] main org.kylin.zhang.stackflow.indexer.service.QuestionIndexer org.kylin.zhang.stackflow.indexer.service.QuestionIndexer.main(QuestionIndexer.java:117) - index result folder E:\my_ali\RecommenderSystem\target\classes\data\cstheory.stackexchange.com\indexResults 
[DEBUG] main org.kylin.zhang.stackflow.indexer.util.QuestionXmlParser org.kylin.zhang.stackflow.indexer.util.QuestionXmlParserHandler.startDocument(QuestionXmlParser.java:35) - ----------------------begin parsing xml --------------------- 
[DEBUG] main org.kylin.zhang.stackflow.indexer.util.QuestionXmlParser org.kylin.zhang.stackflow.indexer.util.QuestionXmlParserHandler.endDocument(QuestionXmlParser.java:111) - ----------------------begin parsing xml --------------------- 
[DEBUG] main org.kylin.zhang.stackflow.indexer.service.QuestionIndexer org.kylin.zhang.stackflow.indexer.service.QuestionIndexer.main(QuestionIndexer.java:127) - extract 1717 beans from folder  E:\my_ali\RecommenderSystem\target\classes\data\cstheory.stackexchange.com\cleanedData 
[ERROR] main org.kylin.zhang.stackflow.indexer.service.StackExChangeAnalyzer org.kylin.zhang.stackflow.indexer.service.StackExChangeAnalyzer.<init>(StackExChangeAnalyzer.java:53) -  
[DEBUG] main org.kylin.zhang.stackflow.indexer.service.QuestionIndexer org.kylin.zhang.stackflow.indexer.service.QuestionIndexer.main(QuestionIndexer.java:116) - question file folder E:\my_ali\RecommenderSystem\target\classes\data\earthscience.stackexchange.com\cleanedData 
[DEBUG] main org.kylin.zhang.stackflow.indexer.service.QuestionIndexer org.kylin.zhang.stackflow.indexer.service.QuestionIndexer.main(QuestionIndexer.java:117) - index result folder E:\my_ali\RecommenderSystem\target\classes\data\earthscience.stackexchange.com\indexResults 
[DEBUG] main org.kylin.zhang.stackflow.indexer.util.QuestionXmlParser org.kylin.zhang.stackflow.indexer.util.QuestionXmlParserHandler.startDocument(QuestionXmlParser.java:35) - ----------------------begin parsing xml --------------------- 
[DEBUG] main org.kylin.zhang.stackflow.indexer.util.QuestionXmlParser org.kylin.zhang.stackflow.indexer.util.QuestionXmlParserHandler.endDocument(QuestionXmlParser.java:111) - ----------------------begin parsing xml --------------------- 
[DEBUG] main org.kylin.zhang.stackflow.indexer.service.QuestionIndexer org.kylin.zhang.stackflow.indexer.service.QuestionIndexer.main(QuestionIndexer.java:127) - extract 45 beans from folder  E:\my_ali\RecommenderSystem\target\classes\data\earthscience.stackexchange.com\cleanedData 
[DEBUG] main org.kylin.zhang.stackflow.indexer.service.QuestionIndexer org.kylin.zhang.stackflow.indexer.service.QuestionIndexer.main(QuestionIndexer.java:116) - question file folder E:\my_ali\RecommenderSystem\target\classes\data\emacs.stackexchange.com\cleanedData 
[DEBUG] main org.kylin.zhang.stackflow.indexer.service.QuestionIndexer org.kylin.zhang.stackflow.indexer.service.QuestionIndexer.main(QuestionIndexer.java:117) - index result folder E:\my_ali\RecommenderSystem\target\classes\data\emacs.stackexchange.com\indexResults 
[DEBUG] main org.kylin.zhang.stackflow.indexer.service.QuestionIndexer org.kylin.zhang.stackflow.indexer.service.QuestionIndexer.main(QuestionIndexer.java:114) - question file folder E:\my_ali\RecommenderSystem\target\classes\data\cstheory.stackexchange.com\cleanedData 
[DEBUG] main org.kylin.zhang.stackflow.indexer.service.QuestionIndexer org.kylin.zhang.stackflow.indexer.service.QuestionIndexer.main(QuestionIndexer.java:115) - index result folder E:\my_ali\RecommenderSystem\target\classes\data\cstheory.stackexchange.com\indexResults 
[DEBUG] main org.kylin.zhang.stackflow.indexer.util.QuestionXmlParser org.kylin.zhang.stackflow.indexer.util.QuestionXmlParserHandler.startDocument(QuestionXmlParser.java:35) - ----------------------begin parsing xml --------------------- 
[DEBUG] main org.kylin.zhang.stackflow.indexer.util.QuestionXmlParser org.kylin.zhang.stackflow.indexer.util.QuestionXmlParserHandler.endDocument(QuestionXmlParser.java:111) - ----------------------begin parsing xml --------------------- 
[DEBUG] main org.kylin.zhang.stackflow.indexer.service.QuestionIndexer org.kylin.zhang.stackflow.indexer.service.QuestionIndexer.main(QuestionIndexer.java:125) - extract 1717 beans from folder  E:\my_ali\RecommenderSystem\target\classes\data\cstheory.stackexchange.com\cleanedData 
[DEBUG] main org.kylin.zhang.stackflow.indexer.service.QuestionIndexer org.kylin.zhang.stackflow.indexer.service.QuestionIndexer.main(QuestionIndexer.java:114) - question file folder E:\my_ali\RecommenderSystem\target\classes\data\cstheory.stackexchange.com\cleanedData 
[DEBUG] main org.kylin.zhang.stackflow.indexer.service.QuestionIndexer org.kylin.zhang.stackflow.indexer.service.QuestionIndexer.main(QuestionIndexer.java:115) - index result folder E:\my_ali\RecommenderSystem\target\classes\data\cstheory.stackexchange.com\indexResults 
[DEBUG] main org.kylin.zhang.stackflow.indexer.util.QuestionXmlParser org.kylin.zhang.stackflow.indexer.util.QuestionXmlParserHandler.startDocument(QuestionXmlParser.java:35) - ----------------------begin parsing xml --------------------- 
[DEBUG] main org.kylin.zhang.stackflow.indexer.util.QuestionXmlParser org.kylin.zhang.stackflow.indexer.util.QuestionXmlParserHandler.endDocument(QuestionXmlParser.java:111) - ----------------------begin parsing xml --------------------- 
[DEBUG] main org.kylin.zhang.stackflow.indexer.service.QuestionIndexer org.kylin.zhang.stackflow.indexer.service.QuestionIndexer.main(QuestionIndexer.java:125) - extract 1717 beans from folder  E:\my_ali\RecommenderSystem\target\classes\data\cstheory.stackexchange.com\cleanedData 
[DEBUG] main org.kylin.zhang.stackflow.indexer.service.QuestionIndexer org.kylin.zhang.stackflow.indexer.service.QuestionIndexer.main(QuestionIndexer.java:114) - question file folder E:\my_ali\RecommenderSystem\target\classes\data\earthscience.stackexchange.com\cleanedData 
[DEBUG] main org.kylin.zhang.stackflow.indexer.service.QuestionIndexer org.kylin.zhang.stackflow.indexer.service.QuestionIndexer.main(QuestionIndexer.java:115) - index result folder E:\my_ali\RecommenderSystem\target\classes\data\earthscience.stackexchange.com\indexResults 
[DEBUG] main org.kylin.zhang.stackflow.indexer.util.QuestionXmlParser org.kylin.zhang.stackflow.indexer.util.QuestionXmlParserHandler.startDocument(QuestionXmlParser.java:35) - ----------------------begin parsing xml --------------------- 
[DEBUG] main org.kylin.zhang.stackflow.indexer.util.QuestionXmlParser org.kylin.zhang.stackflow.indexer.util.QuestionXmlParserHandler.endDocument(QuestionXmlParser.java:111) - ----------------------begin parsing xml --------------------- 
[DEBUG] main org.kylin.zhang.stackflow.indexer.service.QuestionIndexer org.kylin.zhang.stackflow.indexer.service.QuestionIndexer.main(QuestionIndexer.java:125) - extract 45 beans from folder  E:\my_ali\RecommenderSystem\target\classes\data\earthscience.stackexchange.com\cleanedData 
[DEBUG] main org.kylin.zhang.stackflow.indexer.service.QuestionIndexer org.kylin.zhang.stackflow.indexer.service.QuestionIndexer.main(QuestionIndexer.java:114) - question file folder E:\my_ali\RecommenderSystem\target\classes\data\emacs.stackexchange.com\cleanedData 
[DEBUG] main org.kylin.zhang.stackflow.indexer.service.QuestionIndexer org.kylin.zhang.stackflow.indexer.service.QuestionIndexer.main(QuestionIndexer.java:115) - index result folder E:\my_ali\RecommenderSystem\target\classes\data\emacs.stackexchange.com\indexResults 
[DEBUG] main org.kylin.zhang.stackflow.indexer.util.QuestionXmlParser org.kylin.zhang.stackflow.indexer.util.QuestionXmlParserHandler.startDocument(QuestionXmlParser.java:35) - ----------------------begin parsing xml --------------------- 
[DEBUG] main org.kylin.zhang.stackflow.indexer.util.QuestionXmlParser org.kylin.zhang.stackflow.indexer.util.QuestionXmlParserHandler.endDocument(QuestionXmlParser.java:111) - ----------------------begin parsing xml --------------------- 
[DEBUG] main org.kylin.zhang.stackflow.indexer.service.QuestionIndexer org.kylin.zhang.stackflow.indexer.service.QuestionIndexer.main(QuestionIndexer.java:125) - extract 606 beans from folder  E:\my_ali\RecommenderSystem\target\classes\data\emacs.stackexchange.com\cleanedData 
[DEBUG] main org.kylin.zhang.stackflow.indexer.service.QuestionIndexer org.kylin.zhang.stackflow.indexer.service.QuestionIndexer.main(QuestionIndexer.java:114) - question file folder E:\my_ali\RecommenderSystem\target\classes\data\english.stackexchange.com\cleanedData 
[DEBUG] main org.kylin.zhang.stackflow.indexer.service.QuestionIndexer org.kylin.zhang.stackflow.indexer.service.QuestionIndexer.main(QuestionIndexer.java:115) - index result folder E:\my_ali\RecommenderSystem\target\classes\data\english.stackexchange.com\indexResults 
[DEBUG] main org.kylin.zhang.stackflow.indexer.util.QuestionXmlParser org.kylin.zhang.stackflow.indexer.util.QuestionXmlParserHandler.startDocument(QuestionXmlParser.java:35) - ----------------------begin parsing xml --------------------- 
[DEBUG] main org.kylin.zhang.stackflow.indexer.util.QuestionXmlParser org.kylin.zhang.stackflow.indexer.util.QuestionXmlParserHandler.endDocument(QuestionXmlParser.java:111) - ----------------------begin parsing xml --------------------- 
[DEBUG] main org.kylin.zhang.stackflow.indexer.service.QuestionIndexer org.kylin.zhang.stackflow.indexer.service.QuestionIndexer.main(QuestionIndexer.java:125) - extract 47253 beans from folder  E:\my_ali\RecommenderSystem\target\classes\data\english.stackexchange.com\cleanedData 
[DEBUG] main org.kylin.zhang.stackflow.indexer.service.QuestionIndexer org.kylin.zhang.stackflow.indexer.service.QuestionIndexer.main(QuestionIndexer.java:114) - question file folder E:\my_ali\RecommenderSystem\target\classes\data\meta.cs.stackexchange.com\cleanedData 
[DEBUG] main org.kylin.zhang.stackflow.indexer.service.QuestionIndexer org.kylin.zhang.stackflow.indexer.service.QuestionIndexer.main(QuestionIndexer.java:115) - index result folder E:\my_ali\RecommenderSystem\target\classes\data\meta.cs.stackexchange.com\indexResults 
[DEBUG] main org.kylin.zhang.stackflow.indexer.util.QuestionXmlParser org.kylin.zhang.stackflow.indexer.util.QuestionXmlParserHandler.startDocument(QuestionXmlParser.java:35) - ----------------------begin parsing xml --------------------- 
[DEBUG] main org.kylin.zhang.stackflow.indexer.util.QuestionXmlParser org.kylin.zhang.stackflow.indexer.util.QuestionXmlParserHandler.endDocument(QuestionXmlParser.java:111) - ----------------------begin parsing xml --------------------- 
[DEBUG] main org.kylin.zhang.stackflow.indexer.service.QuestionIndexer org.kylin.zhang.stackflow.indexer.service.QuestionIndexer.main(QuestionIndexer.java:125) - extract 24 beans from folder  E:\my_ali\RecommenderSystem\target\classes\data\meta.cs.stackexchange.com\cleanedData 
[DEBUG] main org.kylin.zhang.stackflow.indexer.service.QuestionIndexer org.kylin.zhang.stackflow.indexer.service.QuestionIndexer.main(QuestionIndexer.java:114) - question file folder E:\my_ali\RecommenderSystem\target\classes\data\meta.linguistics.stackexchange.com\cleanedData 
[DEBUG] main org.kylin.zhang.stackflow.indexer.service.QuestionIndexer org.kylin.zhang.stackflow.indexer.service.QuestionIndexer.main(QuestionIndexer.java:115) - index result folder E:\my_ali\RecommenderSystem\target\classes\data\meta.linguistics.stackexchange.com\indexResults 
[DEBUG] main org.kylin.zhang.stackflow.indexer.util.QuestionXmlParser org.kylin.zhang.stackflow.indexer.util.QuestionXmlParserHandler.startDocument(QuestionXmlParser.java:35) - ----------------------begin parsing xml --------------------- 
[DEBUG] main org.kylin.zhang.stackflow.indexer.util.QuestionXmlParser org.kylin.zhang.stackflow.indexer.util.QuestionXmlParserHandler.endDocument(QuestionXmlParser.java:111) - ----------------------begin parsing xml --------------------- 
[DEBUG] main org.kylin.zhang.stackflow.indexer.service.QuestionIndexer org.kylin.zhang.stackflow.indexer.service.QuestionIndexer.main(QuestionIndexer.java:125) - extract 56 beans from folder  E:\my_ali\RecommenderSystem\target\classes\data\meta.linguistics.stackexchange.com\cleanedData 
[DEBUG] main org.kylin.zhang.stackflow.indexer.service.QuestionIndexer org.kylin.zhang.stackflow.indexer.service.QuestionIndexer.main(QuestionIndexer.java:114) - question file folder E:\my_ali\RecommenderSystem\target\classes\data\security.stackexchange.com\cleanedData 
[DEBUG] main org.kylin.zhang.stackflow.indexer.service.QuestionIndexer org.kylin.zhang.stackflow.indexer.service.QuestionIndexer.main(QuestionIndexer.java:115) - index result folder E:\my_ali\RecommenderSystem\target\classes\data\security.stackexchange.com\indexResults 
[DEBUG] main org.kylin.zhang.stackflow.indexer.util.QuestionXmlParser org.kylin.zhang.stackflow.indexer.util.QuestionXmlParserHandler.startDocument(QuestionXmlParser.java:35) - ----------------------begin parsing xml --------------------- 
[DEBUG] main org.kylin.zhang.stackflow.indexer.util.QuestionXmlParser org.kylin.zhang.stackflow.indexer.util.QuestionXmlParserHandler.endDocument(QuestionXmlParser.java:111) - ----------------------begin parsing xml --------------------- 
[DEBUG] main org.kylin.zhang.stackflow.indexer.service.QuestionIndexer org.kylin.zhang.stackflow.indexer.service.QuestionIndexer.main(QuestionIndexer.java:125) - extract 11877 beans from folder  E:\my_ali\RecommenderSystem\target\classes\data\security.stackexchange.com\cleanedData 
[DEBUG] main org.kylin.zhang.stackflow.indexer.service.QuestionIndexer org.kylin.zhang.stackflow.indexer.service.QuestionIndexer.main(QuestionIndexer.java:114) - question file folder E:\my_ali\RecommenderSystem\target\classes\data\sports.stackexchange.com\cleanedData 
[DEBUG] main org.kylin.zhang.stackflow.indexer.service.QuestionIndexer org.kylin.zhang.stackflow.indexer.service.QuestionIndexer.main(QuestionIndexer.java:115) - index result folder E:\my_ali\RecommenderSystem\target\classes\data\sports.stackexchange.com\indexResults 
[DEBUG] main org.kylin.zhang.stackflow.indexer.util.QuestionXmlParser org.kylin.zhang.stackflow.indexer.util.QuestionXmlParserHandler.startDocument(QuestionXmlParser.java:35) - ----------------------begin parsing xml --------------------- 
[DEBUG] main org.kylin.zhang.stackflow.indexer.util.QuestionXmlParser org.kylin.zhang.stackflow.indexer.util.QuestionXmlParserHandler.endDocument(QuestionXmlParser.java:111) - ----------------------begin parsing xml --------------------- 
[DEBUG] main org.kylin.zhang.stackflow.indexer.service.QuestionIndexer org.kylin.zhang.stackflow.indexer.service.QuestionIndexer.main(QuestionIndexer.java:125) - extract 530 beans from folder  E:\my_ali\RecommenderSystem\target\classes\data\sports.stackexchange.com\cleanedData 
[DEBUG] main org.kylin.zhang.stackflow.indexer.service.QuestionIndexer org.kylin.zhang.stackflow.indexer.service.QuestionIndexer.main(QuestionIndexer.java:114) - question file folder E:\my_ali\RecommenderSystem\target\classes\data\unix.stackexchange.com\cleanedData 
[DEBUG] main org.kylin.zhang.stackflow.indexer.service.QuestionIndexer org.kylin.zhang.stackflow.indexer.service.QuestionIndexer.main(QuestionIndexer.java:115) - index result folder E:\my_ali\RecommenderSystem\target\classes\data\unix.stackexchange.com\indexResults 
[DEBUG] main org.kylin.zhang.stackflow.indexer.util.QuestionXmlParser org.kylin.zhang.stackflow.indexer.util.QuestionXmlParserHandler.startDocument(QuestionXmlParser.java:35) - ----------------------begin parsing xml --------------------- 
[DEBUG] main org.kylin.zhang.stackflow.indexer.util.QuestionXmlParser org.kylin.zhang.stackflow.indexer.util.QuestionXmlParserHandler.endDocument(QuestionXmlParser.java:111) - ----------------------begin parsing xml --------------------- 
[DEBUG] main org.kylin.zhang.stackflow.indexer.service.QuestionIndexer org.kylin.zhang.stackflow.indexer.service.QuestionIndexer.main(QuestionIndexer.java:125) - extract 41628 beans from folder  E:\my_ali\RecommenderSystem\target\classes\data\unix.stackexchange.com\cleanedData 
[DEBUG] main org.kylin.zhang.stackflow.segment.QuestionSearcher org.kylin.zhang.stackflow.segment.QuestionSearcher.main(QuestionSearcher.java:131) - index result folder E:\my_ali\RecommenderSystem\target\classes\data\cstheory.stackexchange.com\indexResults 
[DEBUG] main org.kylin.zhang.stackflow.segment.QuestionSearcher org.kylin.zhang.stackflow.segment.QuestionSearcher.main(QuestionSearcher.java:132) - index result folder E:\my_ali\RecommenderSystem\target\classes\data\cstheory.stackexchange.com\indexResults 
[DEBUG] main org.kylin.zhang.stackflow.segment.QuestionSearcher org.kylin.zhang.stackflow.segment.QuestionSearcher.main(QuestionSearcher.java:132) - index result folder E:\my_ali\RecommenderSystem\target\classes\data\cstheory.stackexchange.com\indexResults 
[DEBUG] main org.kylin.zhang.stackflow.segment.QuestionSearcher org.kylin.zhang.stackflow.segment.QuestionSearcher.main(QuestionSearcher.java:132) - index result folder E:\my_ali\RecommenderSystem\target\classes\data\cstheory.stackexchange.com\indexResults 
[DEBUG] main org.kylin.zhang.stackflow.segment.QuestionSearcher org.kylin.zhang.stackflow.segment.QuestionSearcher.main(QuestionSearcher.java:135) - index result folder E:\my_ali\RecommenderSystem\target\classes\data\cstheory.stackexchange.com\indexResults 
[DEBUG] main org.kylin.zhang.stackflow.segment.QuestionSearcher org.kylin.zhang.stackflow.segment.QuestionSearcher.main(QuestionSearcher.java:135) - index result folder E:\my_ali\RecommenderSystem\target\classes\data\cstheory.stackexchange.com\indexResults 
[DEBUG] main org.kylin.zhang.stackflow.segment.QuestionSearcher org.kylin.zhang.stackflow.segment.QuestionSearcher.main(QuestionSearcher.java:135) - index result folder E:\my_ali\RecommenderSystem\target\classes\data\cstheory.stackexchange.com\indexResults 
[DEBUG] main org.kylin.zhang.stackflow.segment.QuestionSearcher org.kylin.zhang.stackflow.segment.QuestionSearcher.main(QuestionSearcher.java:135) - index result folder E:\my_ali\RecommenderSystem\target\classes\data\cstheory.stackexchange.com\indexResults 
[DEBUG] main org.kylin.zhang.stackflow.segment.QuestionSearcher org.kylin.zhang.stackflow.segment.QuestionSearcher.main(QuestionSearcher.java:140) - index result folder E:\my_ali\RecommenderSystem\target\classes\data\cstheory.stackexchange.com\indexResults 
[DEBUG] main org.kylin.zhang.stackflow.segment.QuestionSearcher org.kylin.zhang.stackflow.segment.QuestionSearcher.main(QuestionSearcher.java:139) - index result folder E:\my_ali\RecommenderSystem\target\classes\data\cstheory.stackexchange.com\indexResults 
[DEBUG] main org.kylin.zhang.stackflow.segment.QuestionSearcher org.kylin.zhang.stackflow.segment.QuestionSearcher.main(QuestionSearcher.java:139) - index result folder E:\my_ali\RecommenderSystem\target\classes\data\earthscience.stackexchange.com\indexResults 
[ERROR] main org.kylin.zhang.stackflow.segment.QuestionSearcher org.kylin.zhang.stackflow.segment.QuestionSearcher.getMultiFieldQuestionSearcher(QuestionSearcher.java:60) - something goes wrong when trying to get multi-field question searcher  
[DEBUG] main org.kylin.zhang.stackflow.segment.QuestionSearcher org.kylin.zhang.stackflow.segment.QuestionSearcher.main(QuestionSearcher.java:139) - index result folder E:\my_ali\RecommenderSystem\target\classes\data\cstheory.stackexchange.com\indexResults 
[DEBUG] main org.kylin.zhang.stackflow.segment.QuestionSearcher org.kylin.zhang.stackflow.segment.QuestionSearcher.main(QuestionSearcher.java:139) - index result folder E:\my_ali\RecommenderSystem\target\classes\data\earthscience.stackexchange.com\indexResults 
[ERROR] main org.kylin.zhang.stackflow.segment.QuestionSearcher org.kylin.zhang.stackflow.segment.QuestionSearcher.getMultiFieldQuestionSearcher(QuestionSearcher.java:60) - something goes wrong when trying to get multi-field question searcher  
[DEBUG] main org.kylin.zhang.stackflow.segment.QuestionSearcher org.kylin.zhang.stackflow.segment.QuestionSearcher.main(QuestionSearcher.java:139) - index result folder E:\my_ali\RecommenderSystem\target\classes\data\cstheory.stackexchange.com\indexResults 
[DEBUG] main org.kylin.zhang.stackflow.segment.QuestionSearcher org.kylin.zhang.stackflow.segment.QuestionSearcher.main(QuestionSearcher.java:139) - index result folder E:\my_ali\RecommenderSystem\target\classes\data\earthscience.stackexchange.com\indexResults 
[ERROR] main org.kylin.zhang.stackflow.segment.QuestionSearcher org.kylin.zhang.stackflow.segment.QuestionSearcher.getMultiFieldQuestionSearcher(QuestionSearcher.java:60) - something goes wrong when trying to get multi-field question searcher  
[DEBUG] main org.kylin.zhang.stackflow.segment.QuestionSearcher org.kylin.zhang.stackflow.segment.QuestionSearcher.main(QuestionSearcher.java:139) - index result folder E:\my_ali\RecommenderSystem\target\classes\data\cstheory.stackexchange.com\indexResults 
[DEBUG] main org.kylin.zhang.stackflow.segment.QuestionSearcher org.kylin.zhang.stackflow.segment.QuestionSearcher.main(QuestionSearcher.java:139) - index result folder E:\my_ali\RecommenderSystem\target\classes\data\earthscience.stackexchange.com\indexResults 
[ERROR] main org.kylin.zhang.stackflow.segment.QuestionSearcher org.kylin.zhang.stackflow.segment.QuestionSearcher.getMultiFieldQuestionSearcher(QuestionSearcher.java:60) - something goes wrong when trying to get multi-field question searcher  
[DEBUG] main org.kylin.zhang.stackflow.indexer.service.QuestionIndexer org.kylin.zhang.stackflow.indexer.service.QuestionIndexer.main(QuestionIndexer.java:114) - question file folder E:\my_ali\RecommenderSystem\target\classes\data\cstheory.stackexchange.com\cleanedData 
[DEBUG] main org.kylin.zhang.stackflow.indexer.service.QuestionIndexer org.kylin.zhang.stackflow.indexer.service.QuestionIndexer.main(QuestionIndexer.java:115) - index result folder E:\my_ali\RecommenderSystem\target\classes\data\cstheory.stackexchange.com\indexResults 
[DEBUG] main org.kylin.zhang.stackflow.indexer.util.QuestionXmlParser org.kylin.zhang.stackflow.indexer.util.QuestionXmlParserHandler.startDocument(QuestionXmlParser.java:35) - ----------------------begin parsing xml --------------------- 
[DEBUG] main org.kylin.zhang.stackflow.indexer.util.QuestionXmlParser org.kylin.zhang.stackflow.indexer.util.QuestionXmlParserHandler.endDocument(QuestionXmlParser.java:111) - ----------------------begin parsing xml --------------------- 
[DEBUG] main org.kylin.zhang.stackflow.indexer.service.QuestionIndexer org.kylin.zhang.stackflow.indexer.service.QuestionIndexer.main(QuestionIndexer.java:125) - extract 1717 beans from folder  E:\my_ali\RecommenderSystem\target\classes\data\cstheory.stackexchange.com\cleanedData 
[DEBUG] main org.kylin.zhang.stackflow.indexer.service.QuestionIndexer org.kylin.zhang.stackflow.indexer.service.QuestionIndexer.main(QuestionIndexer.java:114) - question file folder E:\my_ali\RecommenderSystem\target\classes\data\earthscience.stackexchange.com\cleanedData 
[DEBUG] main org.kylin.zhang.stackflow.indexer.service.QuestionIndexer org.kylin.zhang.stackflow.indexer.service.QuestionIndexer.main(QuestionIndexer.java:115) - index result folder E:\my_ali\RecommenderSystem\target\classes\data\earthscience.stackexchange.com\indexResults 
[DEBUG] main org.kylin.zhang.stackflow.indexer.util.QuestionXmlParser org.kylin.zhang.stackflow.indexer.util.QuestionXmlParserHandler.startDocument(QuestionXmlParser.java:35) - ----------------------begin parsing xml --------------------- 
[DEBUG] main org.kylin.zhang.stackflow.indexer.util.QuestionXmlParser org.kylin.zhang.stackflow.indexer.util.QuestionXmlParserHandler.endDocument(QuestionXmlParser.java:111) - ----------------------begin parsing xml --------------------- 
[DEBUG] main org.kylin.zhang.stackflow.indexer.service.QuestionIndexer org.kylin.zhang.stackflow.indexer.service.QuestionIndexer.main(QuestionIndexer.java:125) - extract 45 beans from folder  E:\my_ali\RecommenderSystem\target\classes\data\earthscience.stackexchange.com\cleanedData 
[DEBUG] main org.kylin.zhang.stackflow.indexer.service.QuestionIndexer org.kylin.zhang.stackflow.indexer.service.QuestionIndexer.main(QuestionIndexer.java:114) - question file folder E:\my_ali\RecommenderSystem\target\classes\data\emacs.stackexchange.com\cleanedData 
[DEBUG] main org.kylin.zhang.stackflow.indexer.service.QuestionIndexer org.kylin.zhang.stackflow.indexer.service.QuestionIndexer.main(QuestionIndexer.java:115) - index result folder E:\my_ali\RecommenderSystem\target\classes\data\emacs.stackexchange.com\indexResults 
[DEBUG] main org.kylin.zhang.stackflow.indexer.util.QuestionXmlParser org.kylin.zhang.stackflow.indexer.util.QuestionXmlParserHandler.startDocument(QuestionXmlParser.java:35) - ----------------------begin parsing xml --------------------- 
[DEBUG] main org.kylin.zhang.stackflow.indexer.util.QuestionXmlParser org.kylin.zhang.stackflow.indexer.util.QuestionXmlParserHandler.endDocument(QuestionXmlParser.java:111) - ----------------------begin parsing xml --------------------- 
[DEBUG] main org.kylin.zhang.stackflow.indexer.service.QuestionIndexer org.kylin.zhang.stackflow.indexer.service.QuestionIndexer.main(QuestionIndexer.java:125) - extract 606 beans from folder  E:\my_ali\RecommenderSystem\target\classes\data\emacs.stackexchange.com\cleanedData 
[DEBUG] main org.kylin.zhang.stackflow.indexer.service.QuestionIndexer org.kylin.zhang.stackflow.indexer.service.QuestionIndexer.main(QuestionIndexer.java:114) - question file folder E:\my_ali\RecommenderSystem\target\classes\data\english.stackexchange.com\cleanedData 
[DEBUG] main org.kylin.zhang.stackflow.indexer.service.QuestionIndexer org.kylin.zhang.stackflow.indexer.service.QuestionIndexer.main(QuestionIndexer.java:115) - index result folder E:\my_ali\RecommenderSystem\target\classes\data\english.stackexchange.com\indexResults 
[DEBUG] main org.kylin.zhang.stackflow.indexer.util.QuestionXmlParser org.kylin.zhang.stackflow.indexer.util.QuestionXmlParserHandler.startDocument(QuestionXmlParser.java:35) - ----------------------begin parsing xml --------------------- 
[DEBUG] main org.kylin.zhang.stackflow.indexer.util.QuestionXmlParser org.kylin.zhang.stackflow.indexer.util.QuestionXmlParserHandler.endDocument(QuestionXmlParser.java:111) - ----------------------begin parsing xml --------------------- 
[DEBUG] main org.kylin.zhang.stackflow.indexer.service.QuestionIndexer org.kylin.zhang.stackflow.indexer.service.QuestionIndexer.main(QuestionIndexer.java:125) - extract 47253 beans from folder  E:\my_ali\RecommenderSystem\target\classes\data\english.stackexchange.com\cleanedData 
[DEBUG] main org.kylin.zhang.stackflow.indexer.service.QuestionIndexer org.kylin.zhang.stackflow.indexer.service.QuestionIndexer.main(QuestionIndexer.java:114) - question file folder E:\my_ali\RecommenderSystem\target\classes\data\meta.cs.stackexchange.com\cleanedData 
[DEBUG] main org.kylin.zhang.stackflow.indexer.service.QuestionIndexer org.kylin.zhang.stackflow.indexer.service.QuestionIndexer.main(QuestionIndexer.java:115) - index result folder E:\my_ali\RecommenderSystem\target\classes\data\meta.cs.stackexchange.com\indexResults 
[DEBUG] main org.kylin.zhang.stackflow.indexer.util.QuestionXmlParser org.kylin.zhang.stackflow.indexer.util.QuestionXmlParserHandler.startDocument(QuestionXmlParser.java:35) - ----------------------begin parsing xml --------------------- 
[DEBUG] main org.kylin.zhang.stackflow.indexer.util.QuestionXmlParser org.kylin.zhang.stackflow.indexer.util.QuestionXmlParserHandler.endDocument(QuestionXmlParser.java:111) - ----------------------begin parsing xml --------------------- 
[DEBUG] main org.kylin.zhang.stackflow.indexer.service.QuestionIndexer org.kylin.zhang.stackflow.indexer.service.QuestionIndexer.main(QuestionIndexer.java:125) - extract 24 beans from folder  E:\my_ali\RecommenderSystem\target\classes\data\meta.cs.stackexchange.com\cleanedData 
[DEBUG] main org.kylin.zhang.stackflow.indexer.service.QuestionIndexer org.kylin.zhang.stackflow.indexer.service.QuestionIndexer.main(QuestionIndexer.java:114) - question file folder E:\my_ali\RecommenderSystem\target\classes\data\meta.linguistics.stackexchange.com\cleanedData 
[DEBUG] main org.kylin.zhang.stackflow.indexer.service.QuestionIndexer org.kylin.zhang.stackflow.indexer.service.QuestionIndexer.main(QuestionIndexer.java:115) - index result folder E:\my_ali\RecommenderSystem\target\classes\data\meta.linguistics.stackexchange.com\indexResults 
[DEBUG] main org.kylin.zhang.stackflow.indexer.util.QuestionXmlParser org.kylin.zhang.stackflow.indexer.util.QuestionXmlParserHandler.startDocument(QuestionXmlParser.java:35) - ----------------------begin parsing xml --------------------- 
[DEBUG] main org.kylin.zhang.stackflow.indexer.util.QuestionXmlParser org.kylin.zhang.stackflow.indexer.util.QuestionXmlParserHandler.endDocument(QuestionXmlParser.java:111) - ----------------------begin parsing xml --------------------- 
[DEBUG] main org.kylin.zhang.stackflow.indexer.service.QuestionIndexer org.kylin.zhang.stackflow.indexer.service.QuestionIndexer.main(QuestionIndexer.java:125) - extract 56 beans from folder  E:\my_ali\RecommenderSystem\target\classes\data\meta.linguistics.stackexchange.com\cleanedData 
[DEBUG] main org.kylin.zhang.stackflow.indexer.service.QuestionIndexer org.kylin.zhang.stackflow.indexer.service.QuestionIndexer.main(QuestionIndexer.java:114) - question file folder E:\my_ali\RecommenderSystem\target\classes\data\security.stackexchange.com\cleanedData 
[DEBUG] main org.kylin.zhang.stackflow.indexer.service.QuestionIndexer org.kylin.zhang.stackflow.indexer.service.QuestionIndexer.main(QuestionIndexer.java:115) - index result folder E:\my_ali\RecommenderSystem\target\classes\data\security.stackexchange.com\indexResults 
[DEBUG] main org.kylin.zhang.stackflow.indexer.util.QuestionXmlParser org.kylin.zhang.stackflow.indexer.util.QuestionXmlParserHandler.startDocument(QuestionXmlParser.java:35) - ----------------------begin parsing xml --------------------- 
[DEBUG] main org.kylin.zhang.stackflow.indexer.util.QuestionXmlParser org.kylin.zhang.stackflow.indexer.util.QuestionXmlParserHandler.endDocument(QuestionXmlParser.java:111) - ----------------------begin parsing xml --------------------- 
[DEBUG] main org.kylin.zhang.stackflow.indexer.service.QuestionIndexer org.kylin.zhang.stackflow.indexer.service.QuestionIndexer.main(QuestionIndexer.java:125) - extract 11877 beans from folder  E:\my_ali\RecommenderSystem\target\classes\data\security.stackexchange.com\cleanedData 
[DEBUG] main org.kylin.zhang.stackflow.indexer.service.QuestionIndexer org.kylin.zhang.stackflow.indexer.service.QuestionIndexer.main(QuestionIndexer.java:114) - question file folder E:\my_ali\RecommenderSystem\target\classes\data\sports.stackexchange.com\cleanedData 
[DEBUG] main org.kylin.zhang.stackflow.indexer.service.QuestionIndexer org.kylin.zhang.stackflow.indexer.service.QuestionIndexer.main(QuestionIndexer.java:115) - index result folder E:\my_ali\RecommenderSystem\target\classes\data\sports.stackexchange.com\indexResults 
[DEBUG] main org.kylin.zhang.stackflow.indexer.util.QuestionXmlParser org.kylin.zhang.stackflow.indexer.util.QuestionXmlParserHandler.startDocument(QuestionXmlParser.java:35) - ----------------------begin parsing xml --------------------- 
[DEBUG] main org.kylin.zhang.stackflow.indexer.util.QuestionXmlParser org.kylin.zhang.stackflow.indexer.util.QuestionXmlParserHandler.endDocument(QuestionXmlParser.java:111) - ----------------------begin parsing xml --------------------- 
[DEBUG] main org.kylin.zhang.stackflow.indexer.service.QuestionIndexer org.kylin.zhang.stackflow.indexer.service.QuestionIndexer.main(QuestionIndexer.java:125) - extract 530 beans from folder  E:\my_ali\RecommenderSystem\target\classes\data\sports.stackexchange.com\cleanedData 
[DEBUG] main org.kylin.zhang.stackflow.indexer.service.QuestionIndexer org.kylin.zhang.stackflow.indexer.service.QuestionIndexer.main(QuestionIndexer.java:114) - question file folder E:\my_ali\RecommenderSystem\target\classes\data\unix.stackexchange.com\cleanedData 
[DEBUG] main org.kylin.zhang.stackflow.indexer.service.QuestionIndexer org.kylin.zhang.stackflow.indexer.service.QuestionIndexer.main(QuestionIndexer.java:115) - index result folder E:\my_ali\RecommenderSystem\target\classes\data\unix.stackexchange.com\indexResults 
[DEBUG] main org.kylin.zhang.stackflow.indexer.util.QuestionXmlParser org.kylin.zhang.stackflow.indexer.util.QuestionXmlParserHandler.startDocument(QuestionXmlParser.java:35) - ----------------------begin parsing xml --------------------- 
[DEBUG] main org.kylin.zhang.stackflow.indexer.util.QuestionXmlParser org.kylin.zhang.stackflow.indexer.util.QuestionXmlParserHandler.endDocument(QuestionXmlParser.java:111) - ----------------------begin parsing xml --------------------- 
[DEBUG] main org.kylin.zhang.stackflow.indexer.service.QuestionIndexer org.kylin.zhang.stackflow.indexer.service.QuestionIndexer.main(QuestionIndexer.java:125) - extract 41628 beans from folder  E:\my_ali\RecommenderSystem\target\classes\data\unix.stackexchange.com\cleanedData 
[DEBUG] main org.kylin.zhang.stackflow.indexer.service.QuestionIndexer org.kylin.zhang.stackflow.indexer.service.QuestionIndexer.main(QuestionIndexer.java:114) - question file folder E:\my_ali\RecommenderSystem\target\classes\data\cstheory.stackexchange.com\cleanedData 
[DEBUG] main org.kylin.zhang.stackflow.indexer.service.QuestionIndexer org.kylin.zhang.stackflow.indexer.service.QuestionIndexer.main(QuestionIndexer.java:115) - index result folder E:\my_ali\RecommenderSystem\target\classes\data\cstheory.stackexchange.com\indexResults 
[DEBUG] main org.kylin.zhang.stackflow.indexer.util.QuestionXmlParser org.kylin.zhang.stackflow.indexer.util.QuestionXmlParserHandler.startDocument(QuestionXmlParser.java:35) - ----------------------begin parsing xml --------------------- 
[DEBUG] main org.kylin.zhang.stackflow.indexer.util.QuestionXmlParser org.kylin.zhang.stackflow.indexer.util.QuestionXmlParserHandler.endDocument(QuestionXmlParser.java:111) - ----------------------begin parsing xml --------------------- 
[DEBUG] main org.kylin.zhang.stackflow.indexer.service.QuestionIndexer org.kylin.zhang.stackflow.indexer.service.QuestionIndexer.main(QuestionIndexer.java:125) - extract 1717 beans from folder  E:\my_ali\RecommenderSystem\target\classes\data\cstheory.stackexchange.com\cleanedData 
[DEBUG] main org.kylin.zhang.stackflow.indexer.service.QuestionIndexer org.kylin.zhang.stackflow.indexer.service.QuestionIndexer.main(QuestionIndexer.java:114) - question file folder E:\my_ali\RecommenderSystem\target\classes\data\earthscience.stackexchange.com\cleanedData 
[DEBUG] main org.kylin.zhang.stackflow.indexer.service.QuestionIndexer org.kylin.zhang.stackflow.indexer.service.QuestionIndexer.main(QuestionIndexer.java:115) - index result folder E:\my_ali\RecommenderSystem\target\classes\data\earthscience.stackexchange.com\indexResults 
[DEBUG] main org.kylin.zhang.stackflow.indexer.util.QuestionXmlParser org.kylin.zhang.stackflow.indexer.util.QuestionXmlParserHandler.startDocument(QuestionXmlParser.java:35) - ----------------------begin parsing xml --------------------- 
[DEBUG] main org.kylin.zhang.stackflow.indexer.util.QuestionXmlParser org.kylin.zhang.stackflow.indexer.util.QuestionXmlParserHandler.endDocument(QuestionXmlParser.java:111) - ----------------------begin parsing xml --------------------- 
[DEBUG] main org.kylin.zhang.stackflow.indexer.service.QuestionIndexer org.kylin.zhang.stackflow.indexer.service.QuestionIndexer.main(QuestionIndexer.java:125) - extract 45 beans from folder  E:\my_ali\RecommenderSystem\target\classes\data\earthscience.stackexchange.com\cleanedData 
[DEBUG] main org.kylin.zhang.stackflow.indexer.service.QuestionIndexer org.kylin.zhang.stackflow.indexer.service.QuestionIndexer.main(QuestionIndexer.java:114) - question file folder E:\my_ali\RecommenderSystem\target\classes\data\emacs.stackexchange.com\cleanedData 
[DEBUG] main org.kylin.zhang.stackflow.indexer.service.QuestionIndexer org.kylin.zhang.stackflow.indexer.service.QuestionIndexer.main(QuestionIndexer.java:115) - index result folder E:\my_ali\RecommenderSystem\target\classes\data\emacs.stackexchange.com\indexResults 
[DEBUG] main org.kylin.zhang.stackflow.indexer.util.QuestionXmlParser org.kylin.zhang.stackflow.indexer.util.QuestionXmlParserHandler.startDocument(QuestionXmlParser.java:35) - ----------------------begin parsing xml --------------------- 
[DEBUG] main org.kylin.zhang.stackflow.indexer.util.QuestionXmlParser org.kylin.zhang.stackflow.indexer.util.QuestionXmlParserHandler.endDocument(QuestionXmlParser.java:111) - ----------------------begin parsing xml --------------------- 
[DEBUG] main org.kylin.zhang.stackflow.indexer.service.QuestionIndexer org.kylin.zhang.stackflow.indexer.service.QuestionIndexer.main(QuestionIndexer.java:125) - extract 606 beans from folder  E:\my_ali\RecommenderSystem\target\classes\data\emacs.stackexchange.com\cleanedData 
[DEBUG] main org.kylin.zhang.stackflow.indexer.service.QuestionIndexer org.kylin.zhang.stackflow.indexer.service.QuestionIndexer.main(QuestionIndexer.java:114) - question file folder E:\my_ali\RecommenderSystem\target\classes\data\english.stackexchange.com\cleanedData 
[DEBUG] main org.kylin.zhang.stackflow.indexer.service.QuestionIndexer org.kylin.zhang.stackflow.indexer.service.QuestionIndexer.main(QuestionIndexer.java:115) - index result folder E:\my_ali\RecommenderSystem\target\classes\data\english.stackexchange.com\indexResults 
[DEBUG] main org.kylin.zhang.stackflow.indexer.util.QuestionXmlParser org.kylin.zhang.stackflow.indexer.util.QuestionXmlParserHandler.startDocument(QuestionXmlParser.java:35) - ----------------------begin parsing xml --------------------- 
[DEBUG] main org.kylin.zhang.stackflow.indexer.util.QuestionXmlParser org.kylin.zhang.stackflow.indexer.util.QuestionXmlParserHandler.endDocument(QuestionXmlParser.java:111) - ----------------------begin parsing xml --------------------- 
[DEBUG] main org.kylin.zhang.stackflow.indexer.service.QuestionIndexer org.kylin.zhang.stackflow.indexer.service.QuestionIndexer.main(QuestionIndexer.java:125) - extract 47253 beans from folder  E:\my_ali\RecommenderSystem\target\classes\data\english.stackexchange.com\cleanedData 
[DEBUG] main org.kylin.zhang.stackflow.indexer.service.QuestionIndexer org.kylin.zhang.stackflow.indexer.service.QuestionIndexer.main(QuestionIndexer.java:114) - question file folder E:\my_ali\RecommenderSystem\target\classes\data\meta.cs.stackexchange.com\cleanedData 
[DEBUG] main org.kylin.zhang.stackflow.indexer.service.QuestionIndexer org.kylin.zhang.stackflow.indexer.service.QuestionIndexer.main(QuestionIndexer.java:115) - index result folder E:\my_ali\RecommenderSystem\target\classes\data\meta.cs.stackexchange.com\indexResults 
[DEBUG] main org.kylin.zhang.stackflow.indexer.util.QuestionXmlParser org.kylin.zhang.stackflow.indexer.util.QuestionXmlParserHandler.startDocument(QuestionXmlParser.java:35) - ----------------------begin parsing xml --------------------- 
[DEBUG] main org.kylin.zhang.stackflow.indexer.util.QuestionXmlParser org.kylin.zhang.stackflow.indexer.util.QuestionXmlParserHandler.endDocument(QuestionXmlParser.java:111) - ----------------------begin parsing xml --------------------- 
[DEBUG] main org.kylin.zhang.stackflow.indexer.service.QuestionIndexer org.kylin.zhang.stackflow.indexer.service.QuestionIndexer.main(QuestionIndexer.java:125) - extract 24 beans from folder  E:\my_ali\RecommenderSystem\target\classes\data\meta.cs.stackexchange.com\cleanedData 
[DEBUG] main org.kylin.zhang.stackflow.indexer.service.QuestionIndexer org.kylin.zhang.stackflow.indexer.service.QuestionIndexer.main(QuestionIndexer.java:114) - question file folder E:\my_ali\RecommenderSystem\target\classes\data\meta.linguistics.stackexchange.com\cleanedData 
[DEBUG] main org.kylin.zhang.stackflow.indexer.service.QuestionIndexer org.kylin.zhang.stackflow.indexer.service.QuestionIndexer.main(QuestionIndexer.java:115) - index result folder E:\my_ali\RecommenderSystem\target\classes\data\meta.linguistics.stackexchange.com\indexResults 
[DEBUG] main org.kylin.zhang.stackflow.indexer.util.QuestionXmlParser org.kylin.zhang.stackflow.indexer.util.QuestionXmlParserHandler.startDocument(QuestionXmlParser.java:35) - ----------------------begin parsing xml --------------------- 
[DEBUG] main org.kylin.zhang.stackflow.indexer.util.QuestionXmlParser org.kylin.zhang.stackflow.indexer.util.QuestionXmlParserHandler.endDocument(QuestionXmlParser.java:111) - ----------------------begin parsing xml --------------------- 
[DEBUG] main org.kylin.zhang.stackflow.indexer.service.QuestionIndexer org.kylin.zhang.stackflow.indexer.service.QuestionIndexer.main(QuestionIndexer.java:125) - extract 56 beans from folder  E:\my_ali\RecommenderSystem\target\classes\data\meta.linguistics.stackexchange.com\cleanedData 
[DEBUG] main org.kylin.zhang.stackflow.indexer.service.QuestionIndexer org.kylin.zhang.stackflow.indexer.service.QuestionIndexer.main(QuestionIndexer.java:114) - question file folder E:\my_ali\RecommenderSystem\target\classes\data\security.stackexchange.com\cleanedData 
[DEBUG] main org.kylin.zhang.stackflow.indexer.service.QuestionIndexer org.kylin.zhang.stackflow.indexer.service.QuestionIndexer.main(QuestionIndexer.java:115) - index result folder E:\my_ali\RecommenderSystem\target\classes\data\security.stackexchange.com\indexResults 
[DEBUG] main org.kylin.zhang.stackflow.indexer.util.QuestionXmlParser org.kylin.zhang.stackflow.indexer.util.QuestionXmlParserHandler.startDocument(QuestionXmlParser.java:35) - ----------------------begin parsing xml --------------------- 
[DEBUG] main org.kylin.zhang.stackflow.indexer.util.QuestionXmlParser org.kylin.zhang.stackflow.indexer.util.QuestionXmlParserHandler.endDocument(QuestionXmlParser.java:111) - ----------------------begin parsing xml --------------------- 
[DEBUG] main org.kylin.zhang.stackflow.indexer.service.QuestionIndexer org.kylin.zhang.stackflow.indexer.service.QuestionIndexer.main(QuestionIndexer.java:125) - extract 11877 beans from folder  E:\my_ali\RecommenderSystem\target\classes\data\security.stackexchange.com\cleanedData 
[DEBUG] main org.kylin.zhang.stackflow.indexer.service.QuestionIndexer org.kylin.zhang.stackflow.indexer.service.QuestionIndexer.main(QuestionIndexer.java:114) - question file folder E:\my_ali\RecommenderSystem\target\classes\data\sports.stackexchange.com\cleanedData 
[DEBUG] main org.kylin.zhang.stackflow.indexer.service.QuestionIndexer org.kylin.zhang.stackflow.indexer.service.QuestionIndexer.main(QuestionIndexer.java:115) - index result folder E:\my_ali\RecommenderSystem\target\classes\data\sports.stackexchange.com\indexResults 
[DEBUG] main org.kylin.zhang.stackflow.indexer.util.QuestionXmlParser org.kylin.zhang.stackflow.indexer.util.QuestionXmlParserHandler.startDocument(QuestionXmlParser.java:35) - ----------------------begin parsing xml --------------------- 
[DEBUG] main org.kylin.zhang.stackflow.indexer.util.QuestionXmlParser org.kylin.zhang.stackflow.indexer.util.QuestionXmlParserHandler.endDocument(QuestionXmlParser.java:111) - ----------------------begin parsing xml --------------------- 
[DEBUG] main org.kylin.zhang.stackflow.indexer.service.QuestionIndexer org.kylin.zhang.stackflow.indexer.service.QuestionIndexer.main(QuestionIndexer.java:125) - extract 530 beans from folder  E:\my_ali\RecommenderSystem\target\classes\data\sports.stackexchange.com\cleanedData 
[DEBUG] main org.kylin.zhang.stackflow.indexer.service.QuestionIndexer org.kylin.zhang.stackflow.indexer.service.QuestionIndexer.main(QuestionIndexer.java:114) - question file folder E:\my_ali\RecommenderSystem\target\classes\data\unix.stackexchange.com\cleanedData 
[DEBUG] main org.kylin.zhang.stackflow.indexer.service.QuestionIndexer org.kylin.zhang.stackflow.indexer.service.QuestionIndexer.main(QuestionIndexer.java:115) - index result folder E:\my_ali\RecommenderSystem\target\classes\data\unix.stackexchange.com\indexResults 
[DEBUG] main org.kylin.zhang.stackflow.indexer.util.QuestionXmlParser org.kylin.zhang.stackflow.indexer.util.QuestionXmlParserHandler.startDocument(QuestionXmlParser.java:35) - ----------------------begin parsing xml --------------------- 
[DEBUG] main org.kylin.zhang.stackflow.indexer.util.QuestionXmlParser org.kylin.zhang.stackflow.indexer.util.QuestionXmlParserHandler.endDocument(QuestionXmlParser.java:111) - ----------------------begin parsing xml --------------------- 
[DEBUG] main org.kylin.zhang.stackflow.indexer.service.QuestionIndexer org.kylin.zhang.stackflow.indexer.service.QuestionIndexer.main(QuestionIndexer.java:125) - extract 41628 beans from folder  E:\my_ali\RecommenderSystem\target\classes\data\unix.stackexchange.com\cleanedData 
[DEBUG] main org.kylin.zhang.stackflow.indexer.service.QuestionIndexer org.kylin.zhang.stackflow.indexer.service.QuestionIndexer.main(QuestionIndexer.java:114) - question file folder E:\my_ali\RecommenderSystem\target\classes\data\cstheory.stackexchange.com\cleanedData 
[DEBUG] main org.kylin.zhang.stackflow.indexer.service.QuestionIndexer org.kylin.zhang.stackflow.indexer.service.QuestionIndexer.main(QuestionIndexer.java:115) - index result folder E:\my_ali\RecommenderSystem\target\classes\data\cstheory.stackexchange.com\indexResults 
[DEBUG] main org.kylin.zhang.stackflow.indexer.util.QuestionXmlParser org.kylin.zhang.stackflow.indexer.util.QuestionXmlParserHandler.startDocument(QuestionXmlParser.java:35) - ----------------------begin parsing xml --------------------- 
[DEBUG] main org.kylin.zhang.stackflow.indexer.util.QuestionXmlParser org.kylin.zhang.stackflow.indexer.util.QuestionXmlParserHandler.endDocument(QuestionXmlParser.java:111) - ----------------------begin parsing xml --------------------- 
[DEBUG] main org.kylin.zhang.stackflow.indexer.service.QuestionIndexer org.kylin.zhang.stackflow.indexer.service.QuestionIndexer.main(QuestionIndexer.java:125) - extract 1717 beans from folder  E:\my_ali\RecommenderSystem\target\classes\data\cstheory.stackexchange.com\cleanedData 
[DEBUG] main org.kylin.zhang.stackflow.indexer.service.QuestionIndexer org.kylin.zhang.stackflow.indexer.service.QuestionIndexer.main(QuestionIndexer.java:114) - question file folder E:\my_ali\RecommenderSystem\target\classes\data\earthscience.stackexchange.com\cleanedData 
[DEBUG] main org.kylin.zhang.stackflow.indexer.service.QuestionIndexer org.kylin.zhang.stackflow.indexer.service.QuestionIndexer.main(QuestionIndexer.java:115) - index result folder E:\my_ali\RecommenderSystem\target\classes\data\earthscience.stackexchange.com\indexResults 
[DEBUG] main org.kylin.zhang.stackflow.indexer.util.QuestionXmlParser org.kylin.zhang.stackflow.indexer.util.QuestionXmlParserHandler.startDocument(QuestionXmlParser.java:35) - ----------------------begin parsing xml --------------------- 
[DEBUG] main org.kylin.zhang.stackflow.indexer.util.QuestionXmlParser org.kylin.zhang.stackflow.indexer.util.QuestionXmlParserHandler.endDocument(QuestionXmlParser.java:111) - ----------------------begin parsing xml --------------------- 
[DEBUG] main org.kylin.zhang.stackflow.indexer.service.QuestionIndexer org.kylin.zhang.stackflow.indexer.service.QuestionIndexer.main(QuestionIndexer.java:125) - extract 45 beans from folder  E:\my_ali\RecommenderSystem\target\classes\data\earthscience.stackexchange.com\cleanedData 
[DEBUG] main org.kylin.zhang.stackflow.indexer.service.QuestionIndexer org.kylin.zhang.stackflow.indexer.service.QuestionIndexer.main(QuestionIndexer.java:114) - question file folder E:\my_ali\RecommenderSystem\target\classes\data\emacs.stackexchange.com\cleanedData 
[DEBUG] main org.kylin.zhang.stackflow.indexer.service.QuestionIndexer org.kylin.zhang.stackflow.indexer.service.QuestionIndexer.main(QuestionIndexer.java:115) - index result folder E:\my_ali\RecommenderSystem\target\classes\data\emacs.stackexchange.com\indexResults 
[DEBUG] main org.kylin.zhang.stackflow.indexer.util.QuestionXmlParser org.kylin.zhang.stackflow.indexer.util.QuestionXmlParserHandler.startDocument(QuestionXmlParser.java:35) - ----------------------begin parsing xml --------------------- 
[DEBUG] main org.kylin.zhang.stackflow.indexer.util.QuestionXmlParser org.kylin.zhang.stackflow.indexer.util.QuestionXmlParserHandler.endDocument(QuestionXmlParser.java:111) - ----------------------begin parsing xml --------------------- 
[DEBUG] main org.kylin.zhang.stackflow.indexer.service.QuestionIndexer org.kylin.zhang.stackflow.indexer.service.QuestionIndexer.main(QuestionIndexer.java:125) - extract 606 beans from folder  E:\my_ali\RecommenderSystem\target\classes\data\emacs.stackexchange.com\cleanedData 
[DEBUG] main org.kylin.zhang.stackflow.indexer.service.QuestionIndexer org.kylin.zhang.stackflow.indexer.service.QuestionIndexer.main(QuestionIndexer.java:114) - question file folder E:\my_ali\RecommenderSystem\target\classes\data\english.stackexchange.com\cleanedData 
[DEBUG] main org.kylin.zhang.stackflow.indexer.service.QuestionIndexer org.kylin.zhang.stackflow.indexer.service.QuestionIndexer.main(QuestionIndexer.java:115) - index result folder E:\my_ali\RecommenderSystem\target\classes\data\english.stackexchange.com\indexResults 
[DEBUG] main org.kylin.zhang.stackflow.indexer.util.QuestionXmlParser org.kylin.zhang.stackflow.indexer.util.QuestionXmlParserHandler.startDocument(QuestionXmlParser.java:35) - ----------------------begin parsing xml --------------------- 
[DEBUG] main org.kylin.zhang.stackflow.indexer.util.QuestionXmlParser org.kylin.zhang.stackflow.indexer.util.QuestionXmlParserHandler.endDocument(QuestionXmlParser.java:111) - ----------------------begin parsing xml --------------------- 
[DEBUG] main org.kylin.zhang.stackflow.indexer.service.QuestionIndexer org.kylin.zhang.stackflow.indexer.service.QuestionIndexer.main(QuestionIndexer.java:125) - extract 47253 beans from folder  E:\my_ali\RecommenderSystem\target\classes\data\english.stackexchange.com\cleanedData 
[DEBUG] main org.kylin.zhang.stackflow.indexer.service.QuestionIndexer org.kylin.zhang.stackflow.indexer.service.QuestionIndexer.main(QuestionIndexer.java:114) - question file folder E:\my_ali\RecommenderSystem\target\classes\data\meta.cs.stackexchange.com\cleanedData 
[DEBUG] main org.kylin.zhang.stackflow.indexer.service.QuestionIndexer org.kylin.zhang.stackflow.indexer.service.QuestionIndexer.main(QuestionIndexer.java:115) - index result folder E:\my_ali\RecommenderSystem\target\classes\data\meta.cs.stackexchange.com\indexResults 
[DEBUG] main org.kylin.zhang.stackflow.indexer.util.QuestionXmlParser org.kylin.zhang.stackflow.indexer.util.QuestionXmlParserHandler.startDocument(QuestionXmlParser.java:35) - ----------------------begin parsing xml --------------------- 
[DEBUG] main org.kylin.zhang.stackflow.indexer.util.QuestionXmlParser org.kylin.zhang.stackflow.indexer.util.QuestionXmlParserHandler.endDocument(QuestionXmlParser.java:111) - ----------------------begin parsing xml --------------------- 
[DEBUG] main org.kylin.zhang.stackflow.indexer.service.QuestionIndexer org.kylin.zhang.stackflow.indexer.service.QuestionIndexer.main(QuestionIndexer.java:125) - extract 24 beans from folder  E:\my_ali\RecommenderSystem\target\classes\data\meta.cs.stackexchange.com\cleanedData 
[DEBUG] main org.kylin.zhang.stackflow.indexer.service.QuestionIndexer org.kylin.zhang.stackflow.indexer.service.QuestionIndexer.main(QuestionIndexer.java:114) - question file folder E:\my_ali\RecommenderSystem\target\classes\data\meta.linguistics.stackexchange.com\cleanedData 
[DEBUG] main org.kylin.zhang.stackflow.indexer.service.QuestionIndexer org.kylin.zhang.stackflow.indexer.service.QuestionIndexer.main(QuestionIndexer.java:115) - index result folder E:\my_ali\RecommenderSystem\target\classes\data\meta.linguistics.stackexchange.com\indexResults 
[DEBUG] main org.kylin.zhang.stackflow.indexer.util.QuestionXmlParser org.kylin.zhang.stackflow.indexer.util.QuestionXmlParserHandler.startDocument(QuestionXmlParser.java:35) - ----------------------begin parsing xml --------------------- 
[DEBUG] main org.kylin.zhang.stackflow.indexer.util.QuestionXmlParser org.kylin.zhang.stackflow.indexer.util.QuestionXmlParserHandler.endDocument(QuestionXmlParser.java:111) - ----------------------begin parsing xml --------------------- 
[DEBUG] main org.kylin.zhang.stackflow.indexer.service.QuestionIndexer org.kylin.zhang.stackflow.indexer.service.QuestionIndexer.main(QuestionIndexer.java:125) - extract 56 beans from folder  E:\my_ali\RecommenderSystem\target\classes\data\meta.linguistics.stackexchange.com\cleanedData 
[DEBUG] main org.kylin.zhang.stackflow.indexer.service.QuestionIndexer org.kylin.zhang.stackflow.indexer.service.QuestionIndexer.main(QuestionIndexer.java:114) - question file folder E:\my_ali\RecommenderSystem\target\classes\data\security.stackexchange.com\cleanedData 
[DEBUG] main org.kylin.zhang.stackflow.indexer.service.QuestionIndexer org.kylin.zhang.stackflow.indexer.service.QuestionIndexer.main(QuestionIndexer.java:115) - index result folder E:\my_ali\RecommenderSystem\target\classes\data\security.stackexchange.com\indexResults 
[DEBUG] main org.kylin.zhang.stackflow.indexer.util.QuestionXmlParser org.kylin.zhang.stackflow.indexer.util.QuestionXmlParserHandler.startDocument(QuestionXmlParser.java:35) - ----------------------begin parsing xml --------------------- 
[DEBUG] main org.kylin.zhang.stackflow.indexer.util.QuestionXmlParser org.kylin.zhang.stackflow.indexer.util.QuestionXmlParserHandler.endDocument(QuestionXmlParser.java:111) - ----------------------begin parsing xml --------------------- 
[DEBUG] main org.kylin.zhang.stackflow.indexer.service.QuestionIndexer org.kylin.zhang.stackflow.indexer.service.QuestionIndexer.main(QuestionIndexer.java:125) - extract 11877 beans from folder  E:\my_ali\RecommenderSystem\target\classes\data\security.stackexchange.com\cleanedData 
[DEBUG] main org.kylin.zhang.stackflow.indexer.service.QuestionIndexer org.kylin.zhang.stackflow.indexer.service.QuestionIndexer.main(QuestionIndexer.java:114) - question file folder E:\my_ali\RecommenderSystem\target\classes\data\sports.stackexchange.com\cleanedData 
[DEBUG] main org.kylin.zhang.stackflow.indexer.service.QuestionIndexer org.kylin.zhang.stackflow.indexer.service.QuestionIndexer.main(QuestionIndexer.java:115) - index result folder E:\my_ali\RecommenderSystem\target\classes\data\sports.stackexchange.com\indexResults 
[DEBUG] main org.kylin.zhang.stackflow.indexer.util.QuestionXmlParser org.kylin.zhang.stackflow.indexer.util.QuestionXmlParserHandler.startDocument(QuestionXmlParser.java:35) - ----------------------begin parsing xml --------------------- 
[DEBUG] main org.kylin.zhang.stackflow.indexer.util.QuestionXmlParser org.kylin.zhang.stackflow.indexer.util.QuestionXmlParserHandler.endDocument(QuestionXmlParser.java:111) - ----------------------begin parsing xml --------------------- 
[DEBUG] main org.kylin.zhang.stackflow.indexer.service.QuestionIndexer org.kylin.zhang.stackflow.indexer.service.QuestionIndexer.main(QuestionIndexer.java:125) - extract 530 beans from folder  E:\my_ali\RecommenderSystem\target\classes\data\sports.stackexchange.com\cleanedData 
[DEBUG] main org.kylin.zhang.stackflow.indexer.service.QuestionIndexer org.kylin.zhang.stackflow.indexer.service.QuestionIndexer.main(QuestionIndexer.java:114) - question file folder E:\my_ali\RecommenderSystem\target\classes\data\unix.stackexchange.com\cleanedData 
[DEBUG] main org.kylin.zhang.stackflow.indexer.service.QuestionIndexer org.kylin.zhang.stackflow.indexer.service.QuestionIndexer.main(QuestionIndexer.java:115) - index result folder E:\my_ali\RecommenderSystem\target\classes\data\unix.stackexchange.com\indexResults 
[DEBUG] main org.kylin.zhang.stackflow.indexer.util.QuestionXmlParser org.kylin.zhang.stackflow.indexer.util.QuestionXmlParserHandler.startDocument(QuestionXmlParser.java:35) - ----------------------begin parsing xml --------------------- 
[DEBUG] main org.kylin.zhang.stackflow.indexer.util.QuestionXmlParser org.kylin.zhang.stackflow.indexer.util.QuestionXmlParserHandler.endDocument(QuestionXmlParser.java:111) - ----------------------begin parsing xml --------------------- 
[DEBUG] main org.kylin.zhang.stackflow.indexer.service.QuestionIndexer org.kylin.zhang.stackflow.indexer.service.QuestionIndexer.main(QuestionIndexer.java:125) - extract 41628 beans from folder  E:\my_ali\RecommenderSystem\target\classes\data\unix.stackexchange.com\cleanedData 
[DEBUG] main org.kylin.zhang.stackflow.segment.QuestionSearcher org.kylin.zhang.stackflow.segment.QuestionSearcher.main(QuestionSearcher.java:139) - index result folder E:\my_ali\RecommenderSystem\target\classes\data\cstheory.stackexchange.com\indexResults 
[DEBUG] main org.kylin.zhang.stackflow.segment.QuestionSearcher org.kylin.zhang.stackflow.segment.QuestionSearcher.main(QuestionSearcher.java:139) - index result folder E:\my_ali\RecommenderSystem\target\classes\data\earthscience.stackexchange.com\indexResults 
[DEBUG] main org.kylin.zhang.stackflow.segment.QuestionSearcher org.kylin.zhang.stackflow.segment.QuestionSearcher.main(QuestionSearcher.java:139) - index result folder E:\my_ali\RecommenderSystem\target\classes\data\emacs.stackexchange.com\indexResults 
[DEBUG] main org.kylin.zhang.stackflow.segment.QuestionSearcher org.kylin.zhang.stackflow.segment.QuestionSearcher.main(QuestionSearcher.java:139) - index result folder E:\my_ali\RecommenderSystem\target\classes\data\english.stackexchange.com\indexResults 
[DEBUG] main org.kylin.zhang.stackflow.segment.QuestionSearcher org.kylin.zhang.stackflow.segment.QuestionSearcher.main(QuestionSearcher.java:139) - index result folder E:\my_ali\RecommenderSystem\target\classes\data\meta.cs.stackexchange.com\indexResults 
[DEBUG] main org.kylin.zhang.stackflow.segment.QuestionSearcher org.kylin.zhang.stackflow.segment.QuestionSearcher.main(QuestionSearcher.java:139) - index result folder E:\my_ali\RecommenderSystem\target\classes\data\meta.linguistics.stackexchange.com\indexResults 
[DEBUG] main org.kylin.zhang.stackflow.segment.QuestionSearcher org.kylin.zhang.stackflow.segment.QuestionSearcher.main(QuestionSearcher.java:139) - index result folder E:\my_ali\RecommenderSystem\target\classes\data\security.stackexchange.com\indexResults 
[DEBUG] main org.kylin.zhang.stackflow.segment.QuestionSearcher org.kylin.zhang.stackflow.segment.QuestionSearcher.main(QuestionSearcher.java:139) - index result folder E:\my_ali\RecommenderSystem\target\classes\data\sports.stackexchange.com\indexResults 
[DEBUG] main org.kylin.zhang.stackflow.segment.QuestionSearcher org.kylin.zhang.stackflow.segment.QuestionSearcher.main(QuestionSearcher.java:139) - index result folder E:\my_ali\RecommenderSystem\target\classes\data\unix.stackexchange.com\indexResults 
